[INFO] 2021-04-29 18:23:07 MavenAutomaticBuilder - Using /Users/caro/Dev/StudyObjects/dspot-experiments/javapoet/pom.xml to run maven.
[INFO] 2021-04-29 18:23:07 MavenAutomaticBuilder - Using /usr/local/Cellar/maven/3.6.3_1/libexec for maven home
[INFO] 2021-04-29 18:23:07 MavenAutomaticBuilder - run maven: /usr/local/Cellar/maven/3.6.3_1/libexec/bin/mvn clean test -DskipTests dependency:build-classpath -Dmdep.outputFile=target/dspot/classpath
[WARN] Maven will be executed in interactive mode, but no input stream has been configured for this MavenInvoker instance.
[INFO] Scanning for projects...
[INFO] 
[INFO] -----------------------< com.squareup:javapoet >------------------------
[INFO] Building JavaPoet 1.14.0-SNAPSHOT
[INFO] --------------------------------[ jar ]---------------------------------
[INFO] 
[INFO] --- maven-clean-plugin:2.5:clean (default-clean) @ javapoet ---
[INFO] Deleting /Users/caro/Dev/StudyObjects/dspot-experiments/javapoet/target
[INFO] 
[INFO] --- maven-enforcer-plugin:1.0:enforce (enforce-maven) @ javapoet ---
[INFO] Skipping Rule Enforcement.
[INFO] 
[INFO] --- jacoco-maven-plugin:0.8.2:prepare-agent (default) @ javapoet ---
[INFO] argLine set to -javaagent:/Users/caro/.m2/repository/org/jacoco/org.jacoco.agent/0.8.2/org.jacoco.agent-0.8.2-runtime.jar=destfile=/Users/caro/Dev/StudyObjects/dspot-experiments/javapoet/target/jacoco.exec
[INFO] 
[INFO] --- maven-resources-plugin:2.6:resources (default-resources) @ javapoet ---
[INFO] Using 'UTF-8' encoding to copy filtered resources.
[INFO] skip non existing resourceDirectory /Users/caro/Dev/StudyObjects/dspot-experiments/javapoet/src/main/resources
[INFO] 
[INFO] --- maven-compiler-plugin:3.8.0:compile (default-compile) @ javapoet ---
[INFO] Changes detected - recompiling the module!
[INFO] Compiling 17 source files to /Users/caro/Dev/StudyObjects/dspot-experiments/javapoet/target/classes
[INFO] 
[INFO] --- maven-resources-plugin:2.6:testResources (default-testResources) @ javapoet ---
[INFO] Using 'UTF-8' encoding to copy filtered resources.
[INFO] skip non existing resourceDirectory /Users/caro/Dev/StudyObjects/dspot-experiments/javapoet/src/test/resources
[INFO] 
[INFO] --- maven-compiler-plugin:3.8.0:testCompile (default-testCompile) @ javapoet ---
[INFO] Changes detected - recompiling the module!
[INFO] Compiling 22 source files to /Users/caro/Dev/StudyObjects/dspot-experiments/javapoet/target/test-classes
[INFO] 
[INFO] --- maven-surefire-plugin:2.12.4:test (default-test) @ javapoet ---
[INFO] Tests are skipped.
[INFO] 
[INFO] --- jacoco-maven-plugin:0.8.2:report (report) @ javapoet ---
[INFO] Skipping JaCoCo execution due to missing execution data file.
[INFO] 
[INFO] --- maven-dependency-plugin:2.8:build-classpath (default-cli) @ javapoet ---
[INFO] Wrote classpath file '/Users/caro/Dev/StudyObjects/dspot-experiments/javapoet/target/dspot/classpath'.
[INFO] ------------------------------------------------------------------------
[INFO] BUILD SUCCESS
[INFO] ------------------------------------------------------------------------
[INFO] Total time:  12.685 s
[INFO] Finished at: 2021-04-29T18:23:23+02:00
[INFO] ------------------------------------------------------------------------
[INFO] 2021-04-29 18:23:23 Launcher - Running in NOCLASSPATH mode (doc: http://spoon.gforge.inria.fr/launcher.html).
[INFO] 2021-04-29 18:23:27 EhcacheManager - Cache 'frameworkCache' created in EhcacheManager.
[INFO] 2021-04-29 18:23:27 EntryPoint - Path to runner Classes: /Users/caro/Dev/test-cube/build/idea-sandbox/plugins/test-cube/lib/dspot-3.1.1-SNAPSHOT-jar-with-dependencies.jar
[INFO] 2021-04-29 18:23:27 EntryPoint - /Users/caro/Dev/test-cube/build/idea-sandbox/plugins/test-cube/lib/dspot-3.1.1-SNAPSHOT-jar-with-dependencies.jar
[INFO] 2021-04-29 18:23:27 EntryPoint - /Users/caro/Dev/test-cube/build/idea-sandbox/plugins/test-cube/lib/dspot-3.1.1-SNAPSHOT-jar-with-dependencies.jar
[INFO] 2021-04-29 18:23:27 EntryPoint - /Users/caro/Dev/test-cube/build/idea-sandbox/plugins/test-cube/lib/dspot-3.1.1-SNAPSHOT-jar-with-dependencies.jar
[INFO] 2021-04-29 18:23:27 EntryPoint - /Users/caro/Dev/test-cube/build/idea-sandbox/plugins/test-cube/lib/dspot-3.1.1-SNAPSHOT-jar-with-dependencies.jar
[INFO] 2021-04-29 18:23:27 EntryPoint - /Users/caro/Dev/test-cube/build/idea-sandbox/plugins/test-cube/lib/dspot-3.1.1-SNAPSHOT-jar-with-dependencies.jar
[INFO] 2021-04-29 18:23:27 EntryPoint - /Users/caro/Dev/test-cube/build/idea-sandbox/plugins/test-cube/lib/dspot-3.1.1-SNAPSHOT-jar-with-dependencies.jar
[INFO] 2021-04-29 18:23:27 EntryPoint - /Users/caro/Dev/test-cube/build/idea-sandbox/plugins/test-cube/lib/dspot-3.1.1-SNAPSHOT-jar-with-dependencies.jar
[INFO] 2021-04-29 18:23:27 EntryPoint - /Users/caro/Dev/test-cube/build/idea-sandbox/plugins/test-cube/lib/dspot-3.1.1-SNAPSHOT-jar-with-dependencies.jar
[INFO] 2021-04-29 18:23:27 EntryPoint - /Users/caro/Dev/test-cube/build/idea-sandbox/plugins/test-cube/lib/dspot-3.1.1-SNAPSHOT-jar-with-dependencies.jar
[INFO] 2021-04-29 18:23:27 EntryPoint - /Users/caro/Dev/test-cube/build/idea-sandbox/plugins/test-cube/lib/dspot-3.1.1-SNAPSHOT-jar-with-dependencies.jar
[INFO] 2021-04-29 18:23:29 DSpot - Amplification of com.squareup.javapoet.JavaFileTest (1 test(s))
[INFO] 2021-04-29 18:23:29 DSpot - Assertion amplification of com.squareup.javapoet.JavaFileTest (1 test(s))
[INFO] 2021-04-29 18:23:29 DSpotCompiler - Compiling with -proceedOnError -encoding UTF-8 -cp /Users/caro/Dev/StudyObjects/dspot-experiments/javapoet/target/dspot/tmp_test_sources:/Users/caro/.m2/repository/com/google/truth/truth/0.39/truth-0.39.jar:/Users/caro/.m2/repository/com/google/guava/guava/23.4-android/guava-23.4-android.jar:/Users/caro/.m2/repository/com/google/code/findbugs/jsr305/1.3.9/jsr305-1.3.9.jar:/Users/caro/.m2/repository/com/google/j2objc/j2objc-annotations/1.1/j2objc-annotations-1.1.jar:/Users/caro/.m2/repository/org/codehaus/mojo/animal-sniffer-annotations/1.14/animal-sniffer-annotations-1.14.jar:/Users/caro/.m2/repository/com/google/errorprone/error_prone_annotations/2.1.3/error_prone_annotations-2.1.3.jar:/Users/caro/.m2/repository/com/google/testing/compile/compile-testing/0.15/compile-testing-0.15.jar:/Users/caro/.m2/repository/com/google/truth/extensions/truth-java8-extension/0.37/truth-java8-extension-0.37.jar:/Users/caro/.m2/repository/com/google/auto/value/auto-value/1.5.3/auto-value-1.5.3.jar:/Users/caro/.m2/repository/com/google/auto/auto-common/0.9/auto-common-0.9.jar:/Library/Java/JavaVirtualMachines/adoptopenjdk-8.jdk/Contents/Home/jre/../lib/tools.jar:/Users/caro/.m2/repository/junit/junit/4.12/junit-4.12.jar:/Users/caro/.m2/repository/org/hamcrest/hamcrest-core/1.3/hamcrest-core-1.3.jar:/Users/caro/.m2/repository/com/google/jimfs/jimfs/1.1/jimfs-1.1.jar:/Users/caro/.m2/repository/org/mockito/mockito-core/2.13.0/mockito-core-2.13.0.jar:/Users/caro/.m2/repository/net/bytebuddy/byte-buddy/1.7.9/byte-buddy-1.7.9.jar:/Users/caro/.m2/repository/net/bytebuddy/byte-buddy-agent/1.7.9/byte-buddy-agent-1.7.9.jar:/Users/caro/.m2/repository/org/objenesis/objenesis/2.6/objenesis-2.6.jar:/Users/caro/.m2/repository/org/eclipse/jdt/core/compiler/ecj/4.6.1/ecj-4.6.1.jar:/Users/caro/Dev/StudyObjects/dspot-experiments/javapoet/target/classes/:/Users/caro/Dev/StudyObjects/dspot-experiments/javapoet/target/test-classes/:/Users/caro/Dev/StudyObjects/dspot-experiments/javapoet//target/dspot/dependencies/: -d /Users/caro/Dev/StudyObjects/dspot-experiments/javapoet/target/test-classes -1.8 -preserveAllLocals -noExit -enableJavadoc -proc:none /Users/caro/Dev/StudyObjects/dspot-experiments/javapoet/target/dspot/tmp_test_sources/com/squareup/javapoet/JavaFileTest.java
[INFO] 2021-04-29 18:23:29 EntryPoint - Run: [java, -classpath, /Users/caro/Dev/StudyObjects/dspot-experiments/javapoet/target/classes/:/Users/caro/Dev/StudyObjects/dspot-experiments/javapoet/target/test-classes/:/Users/caro/Dev/StudyObjects/dspot-experiments/javapoet/target/test-classes:/Users/caro/.m2/repository/com/google/truth/truth/0.39/truth-0.39.jar:/Users/caro/.m2/repository/com/google/guava/guava/23.4-android/guava-23.4-android.jar:/Users/caro/.m2/repository/com/google/code/findbugs/jsr305/1.3.9/jsr305-1.3.9.jar:/Users/caro/.m2/repository/com/google/j2objc/j2objc-annotations/1.1/j2objc-annotations-1.1.jar:/Users/caro/.m2/repository/org/codehaus/mojo/animal-sniffer-annotations/1.14/animal-sniffer-annotations-1.14.jar:/Users/caro/.m2/repository/com/google/errorprone/error_prone_annotations/2.1.3/error_prone_annotations-2.1.3.jar:/Users/caro/.m2/repository/com/google/testing/compile/compile-testing/0.15/compile-testing-0.15.jar:/Users/caro/.m2/repository/com/google/truth/extensions/truth-java8-extension/0.37/truth-java8-extension-0.37.jar:/Users/caro/.m2/repository/com/google/auto/value/auto-value/1.5.3/auto-value-1.5.3.jar:/Users/caro/.m2/repository/com/google/auto/auto-common/0.9/auto-common-0.9.jar:/Library/Java/JavaVirtualMachines/adoptopenjdk-8.jdk/Contents/Home/jre/../lib/tools.jar:/Users/caro/.m2/repository/junit/junit/4.12/junit-4.12.jar:/Users/caro/.m2/repository/org/hamcrest/hamcrest-core/1.3/hamcrest-core-1.3.jar:/Users/caro/.m2/repository/com/google/jimfs/jimfs/1.1/jimfs-1.1.jar:/Users/caro/.m2/repository/org/mockito/mockito-core/2.13.0/mockito-core-2.13.0.jar:/Users/caro/.m2/repository/net/bytebuddy/byte-buddy/1.7.9/byte-buddy-1.7.9.jar:/Users/caro/.m2/repository/net/bytebuddy/byte-buddy-agent/1.7.9/byte-buddy-agent-1.7.9.jar:/Users/caro/.m2/repository/org/objenesis/objenesis/2.6/objenesis-2.6.jar:/Users/caro/.m2/repository/org/eclipse/jdt/core/compiler/ecj/4.6.1/ecj-4.6.1.jar:/Users/caro/Dev/StudyObjects/dspot-experiments/javapoet/target/dspot/dependencies/:/Users/caro/Dev/test-cube/build/idea-sandbox/plugins/test-cube/lib/dspot-3.1.1-SNAPSHOT-jar-with-dependencies.jar, eu.stamp_project.testrunner.runner.JUnit4Runner, --class, com.squareup.javapoet.JavaFileTest, --tests, importStaticReadmeExample]
Parsing --class com.squareup.javapoet.JavaFileTest --tests importStaticReadmeExample
File saved to the following path: /Users/caro/Dev/StudyObjects/dspot-experiments/javapoet/test-cube/workdir/target/TestResult.ser
Loading /Users/caro/Dev/StudyObjects/dspot-experiments/javapoet/test-cube/workdir/target/TestResult.ser
[INFO] 2021-04-29 18:23:31 EntryPoint - Test has been run: importStaticReadmeExample
[INFO] 2021-04-29 18:23:31 EntryPoint - Run: [java, -classpath, /Users/caro/.m2/repository/com/google/truth/truth/0.39/truth-0.39.jar:/Users/caro/.m2/repository/com/google/guava/guava/23.4-android/guava-23.4-android.jar:/Users/caro/.m2/repository/com/google/code/findbugs/jsr305/1.3.9/jsr305-1.3.9.jar:/Users/caro/.m2/repository/com/google/j2objc/j2objc-annotations/1.1/j2objc-annotations-1.1.jar:/Users/caro/.m2/repository/org/codehaus/mojo/animal-sniffer-annotations/1.14/animal-sniffer-annotations-1.14.jar:/Users/caro/.m2/repository/com/google/errorprone/error_prone_annotations/2.1.3/error_prone_annotations-2.1.3.jar:/Users/caro/.m2/repository/com/google/testing/compile/compile-testing/0.15/compile-testing-0.15.jar:/Users/caro/.m2/repository/com/google/truth/extensions/truth-java8-extension/0.37/truth-java8-extension-0.37.jar:/Users/caro/.m2/repository/com/google/auto/value/auto-value/1.5.3/auto-value-1.5.3.jar:/Users/caro/.m2/repository/com/google/auto/auto-common/0.9/auto-common-0.9.jar:/Library/Java/JavaVirtualMachines/adoptopenjdk-8.jdk/Contents/Home/jre/../lib/tools.jar:/Users/caro/.m2/repository/junit/junit/4.12/junit-4.12.jar:/Users/caro/.m2/repository/org/hamcrest/hamcrest-core/1.3/hamcrest-core-1.3.jar:/Users/caro/.m2/repository/com/google/jimfs/jimfs/1.1/jimfs-1.1.jar:/Users/caro/.m2/repository/org/mockito/mockito-core/2.13.0/mockito-core-2.13.0.jar:/Users/caro/.m2/repository/net/bytebuddy/byte-buddy/1.7.9/byte-buddy-1.7.9.jar:/Users/caro/.m2/repository/net/bytebuddy/byte-buddy-agent/1.7.9/byte-buddy-agent-1.7.9.jar:/Users/caro/.m2/repository/org/objenesis/objenesis/2.6/objenesis-2.6.jar:/Users/caro/.m2/repository/org/eclipse/jdt/core/compiler/ecj/4.6.1/ecj-4.6.1.jar:/Users/caro/Dev/StudyObjects/dspot-experiments/javapoet/target/classes/:/Users/caro/Dev/StudyObjects/dspot-experiments/javapoet/target/test-classes/:/Users/caro/Dev/test-cube/build/idea-sandbox/plugins/test-cube/lib/dspot-3.1.1-SNAPSHOT-jar-with-dependencies.jar:/Users/caro/Dev/test-cube/build/idea-sandbox/plugins/test-cube/lib/dspot-3.1.1-SNAPSHOT-jar-with-dependencies.jar:/Users/caro/Dev/test-cube/build/idea-sandbox/plugins/test-cube/lib/dspot-3.1.1-SNAPSHOT-jar-with-dependencies.jar:/Users/caro/Dev/test-cube/build/idea-sandbox/plugins/test-cube/lib/dspot-3.1.1-SNAPSHOT-jar-with-dependencies.jar, eu.stamp_project.testrunner.runner.coverage.JUnit4JacocoRunner, --binaries, /Users/caro/Dev/StudyObjects/dspot-experiments/javapoet/target/classes/:/Users/caro/Dev/StudyObjects/dspot-experiments/javapoet/target/test-classes/, --class, com.squareup.javapoet.JavaFileTest]
Parsing --binaries /Users/caro/Dev/StudyObjects/dspot-experiments/javapoet/target/classes/:/Users/caro/Dev/StudyObjects/dspot-experiments/javapoet/target/test-classes/ --class com.squareup.javapoet.JavaFileTest
Some test(s) failed during computation of coverage:
avoidClashes_parentChild_superinterface_typeMirror(com.squareup.javapoet.JavaFileTest): tried to access class com.squareup.javapoet.JavaFileTest$ParentInterface from class com.squareup.javapoet.JavaFileTest
avoidClashes_parentChild_superclass_type(com.squareup.javapoet.JavaFileTest): tried to access class com.squareup.javapoet.JavaFileTest$Parent from class com.squareup.javapoet.JavaFileTest
avoidClashes_parentChild_superclass_typeMirror(com.squareup.javapoet.JavaFileTest): com/squareup/javapoet/JavaFileTest$Parent
avoidClashesWithNestedClasses_viaTypeElement(com.squareup.javapoet.JavaFileTest): tried to access class com.squareup.javapoet.JavaFileTest$Foo from class com.squareup.javapoet.JavaFileTest
avoidClashesWithNestedClasses_viaClass(com.squareup.javapoet.JavaFileTest): com/squareup/javapoet/JavaFileTest$Foo
avoidClashes_parentChild_superinterface_type(com.squareup.javapoet.JavaFileTest): com/squareup/javapoet/JavaFileTest$ParentInterface
avoidClashesWithNestedClasses_viaSuperinterfaceType(com.squareup.javapoet.JavaFileTest): tried to access class com.squareup.javapoet.JavaFileTest$FooInterface from class com.squareup.javapoet.JavaFileTest
File saved to the following path: /Users/caro/Dev/StudyObjects/dspot-experiments/javapoet/test-cube/workdir/target/Coverage.ser
Loading /Users/caro/Dev/StudyObjects/dspot-experiments/javapoet/test-cube/workdir/target/Coverage.ser
[INFO] 2021-04-29 18:23:33 EntryPoint - Global coverage has been computed 5332 / 10895
[INFO] 2021-04-29 18:23:34 AssertionGenerator - Run tests. (1)
[INFO] 2021-04-29 18:23:35 DSpotCompiler - Compiling with -proceedOnError -encoding UTF-8 -cp /Users/caro/Dev/StudyObjects/dspot-experiments/javapoet/target/dspot/tmp_test_sources:/Users/caro/.m2/repository/com/google/truth/truth/0.39/truth-0.39.jar:/Users/caro/.m2/repository/com/google/guava/guava/23.4-android/guava-23.4-android.jar:/Users/caro/.m2/repository/com/google/code/findbugs/jsr305/1.3.9/jsr305-1.3.9.jar:/Users/caro/.m2/repository/com/google/j2objc/j2objc-annotations/1.1/j2objc-annotations-1.1.jar:/Users/caro/.m2/repository/org/codehaus/mojo/animal-sniffer-annotations/1.14/animal-sniffer-annotations-1.14.jar:/Users/caro/.m2/repository/com/google/errorprone/error_prone_annotations/2.1.3/error_prone_annotations-2.1.3.jar:/Users/caro/.m2/repository/com/google/testing/compile/compile-testing/0.15/compile-testing-0.15.jar:/Users/caro/.m2/repository/com/google/truth/extensions/truth-java8-extension/0.37/truth-java8-extension-0.37.jar:/Users/caro/.m2/repository/com/google/auto/value/auto-value/1.5.3/auto-value-1.5.3.jar:/Users/caro/.m2/repository/com/google/auto/auto-common/0.9/auto-common-0.9.jar:/Library/Java/JavaVirtualMachines/adoptopenjdk-8.jdk/Contents/Home/jre/../lib/tools.jar:/Users/caro/.m2/repository/junit/junit/4.12/junit-4.12.jar:/Users/caro/.m2/repository/org/hamcrest/hamcrest-core/1.3/hamcrest-core-1.3.jar:/Users/caro/.m2/repository/com/google/jimfs/jimfs/1.1/jimfs-1.1.jar:/Users/caro/.m2/repository/org/mockito/mockito-core/2.13.0/mockito-core-2.13.0.jar:/Users/caro/.m2/repository/net/bytebuddy/byte-buddy/1.7.9/byte-buddy-1.7.9.jar:/Users/caro/.m2/repository/net/bytebuddy/byte-buddy-agent/1.7.9/byte-buddy-agent-1.7.9.jar:/Users/caro/.m2/repository/org/objenesis/objenesis/2.6/objenesis-2.6.jar:/Users/caro/.m2/repository/org/eclipse/jdt/core/compiler/ecj/4.6.1/ecj-4.6.1.jar:/Users/caro/Dev/StudyObjects/dspot-experiments/javapoet/target/classes/:/Users/caro/Dev/StudyObjects/dspot-experiments/javapoet/target/test-classes/:/Users/caro/Dev/StudyObjects/dspot-experiments/javapoet//target/dspot/dependencies/: -d /Users/caro/Dev/StudyObjects/dspot-experiments/javapoet/target/test-classes -1.8 -preserveAllLocals -noExit -enableJavadoc -proc:none /Users/caro/Dev/StudyObjects/dspot-experiments/javapoet/target/dspot/tmp_test_sources/com/squareup/javapoet/JavaFileTest.java
[INFO] 2021-04-29 18:23:35 EntryPoint - Run: [java, -classpath, /Users/caro/Dev/StudyObjects/dspot-experiments/javapoet/target/classes/:/Users/caro/Dev/StudyObjects/dspot-experiments/javapoet/target/test-classes/:/Users/caro/Dev/StudyObjects/dspot-experiments/javapoet/target/test-classes:/Users/caro/.m2/repository/com/google/truth/truth/0.39/truth-0.39.jar:/Users/caro/.m2/repository/com/google/guava/guava/23.4-android/guava-23.4-android.jar:/Users/caro/.m2/repository/com/google/code/findbugs/jsr305/1.3.9/jsr305-1.3.9.jar:/Users/caro/.m2/repository/com/google/j2objc/j2objc-annotations/1.1/j2objc-annotations-1.1.jar:/Users/caro/.m2/repository/org/codehaus/mojo/animal-sniffer-annotations/1.14/animal-sniffer-annotations-1.14.jar:/Users/caro/.m2/repository/com/google/errorprone/error_prone_annotations/2.1.3/error_prone_annotations-2.1.3.jar:/Users/caro/.m2/repository/com/google/testing/compile/compile-testing/0.15/compile-testing-0.15.jar:/Users/caro/.m2/repository/com/google/truth/extensions/truth-java8-extension/0.37/truth-java8-extension-0.37.jar:/Users/caro/.m2/repository/com/google/auto/value/auto-value/1.5.3/auto-value-1.5.3.jar:/Users/caro/.m2/repository/com/google/auto/auto-common/0.9/auto-common-0.9.jar:/Library/Java/JavaVirtualMachines/adoptopenjdk-8.jdk/Contents/Home/jre/../lib/tools.jar:/Users/caro/.m2/repository/junit/junit/4.12/junit-4.12.jar:/Users/caro/.m2/repository/org/hamcrest/hamcrest-core/1.3/hamcrest-core-1.3.jar:/Users/caro/.m2/repository/com/google/jimfs/jimfs/1.1/jimfs-1.1.jar:/Users/caro/.m2/repository/org/mockito/mockito-core/2.13.0/mockito-core-2.13.0.jar:/Users/caro/.m2/repository/net/bytebuddy/byte-buddy/1.7.9/byte-buddy-1.7.9.jar:/Users/caro/.m2/repository/net/bytebuddy/byte-buddy-agent/1.7.9/byte-buddy-agent-1.7.9.jar:/Users/caro/.m2/repository/org/objenesis/objenesis/2.6/objenesis-2.6.jar:/Users/caro/.m2/repository/org/eclipse/jdt/core/compiler/ecj/4.6.1/ecj-4.6.1.jar:/Users/caro/Dev/StudyObjects/dspot-experiments/javapoet/target/dspot/dependencies/:/Users/caro/Dev/test-cube/build/idea-sandbox/plugins/test-cube/lib/dspot-3.1.1-SNAPSHOT-jar-with-dependencies.jar, eu.stamp_project.testrunner.runner.JUnit4Runner, --class, com.squareup.javapoet.JavaFileTest, --tests, importStaticReadmeExample]
Parsing --class com.squareup.javapoet.JavaFileTest --tests importStaticReadmeExample
File saved to the following path: /Users/caro/Dev/StudyObjects/dspot-experiments/javapoet/test-cube/workdir/target/TestResult.ser
Loading /Users/caro/Dev/StudyObjects/dspot-experiments/javapoet/test-cube/workdir/target/TestResult.ser
[INFO] 2021-04-29 18:23:36 EntryPoint - Test has been run: importStaticReadmeExample
[INFO] 2021-04-29 18:23:36 AssertionGenerator - 1 test pass, generating assertion...
[INFO] 2021-04-29 18:23:36 Observer - Add observations points in passing tests.
[INFO] 2021-04-29 18:23:36 Observer - Instrumentation...

100% |================================================== ]/
[INFO] 2021-04-29 18:23:36 Observer - Run instrumented tests. (3)
[INFO] 2021-04-29 18:23:36 DSpotCompiler - Compiling with -proceedOnError -encoding UTF-8 -cp /Users/caro/Dev/StudyObjects/dspot-experiments/javapoet/target/dspot/tmp_test_sources:/Users/caro/.m2/repository/com/google/truth/truth/0.39/truth-0.39.jar:/Users/caro/.m2/repository/com/google/guava/guava/23.4-android/guava-23.4-android.jar:/Users/caro/.m2/repository/com/google/code/findbugs/jsr305/1.3.9/jsr305-1.3.9.jar:/Users/caro/.m2/repository/com/google/j2objc/j2objc-annotations/1.1/j2objc-annotations-1.1.jar:/Users/caro/.m2/repository/org/codehaus/mojo/animal-sniffer-annotations/1.14/animal-sniffer-annotations-1.14.jar:/Users/caro/.m2/repository/com/google/errorprone/error_prone_annotations/2.1.3/error_prone_annotations-2.1.3.jar:/Users/caro/.m2/repository/com/google/testing/compile/compile-testing/0.15/compile-testing-0.15.jar:/Users/caro/.m2/repository/com/google/truth/extensions/truth-java8-extension/0.37/truth-java8-extension-0.37.jar:/Users/caro/.m2/repository/com/google/auto/value/auto-value/1.5.3/auto-value-1.5.3.jar:/Users/caro/.m2/repository/com/google/auto/auto-common/0.9/auto-common-0.9.jar:/Library/Java/JavaVirtualMachines/adoptopenjdk-8.jdk/Contents/Home/jre/../lib/tools.jar:/Users/caro/.m2/repository/junit/junit/4.12/junit-4.12.jar:/Users/caro/.m2/repository/org/hamcrest/hamcrest-core/1.3/hamcrest-core-1.3.jar:/Users/caro/.m2/repository/com/google/jimfs/jimfs/1.1/jimfs-1.1.jar:/Users/caro/.m2/repository/org/mockito/mockito-core/2.13.0/mockito-core-2.13.0.jar:/Users/caro/.m2/repository/net/bytebuddy/byte-buddy/1.7.9/byte-buddy-1.7.9.jar:/Users/caro/.m2/repository/net/bytebuddy/byte-buddy-agent/1.7.9/byte-buddy-agent-1.7.9.jar:/Users/caro/.m2/repository/org/objenesis/objenesis/2.6/objenesis-2.6.jar:/Users/caro/.m2/repository/org/eclipse/jdt/core/compiler/ecj/4.6.1/ecj-4.6.1.jar:/Users/caro/Dev/StudyObjects/dspot-experiments/javapoet/target/classes/:/Users/caro/Dev/StudyObjects/dspot-experiments/javapoet/target/test-classes/:/Users/caro/Dev/StudyObjects/dspot-experiments/javapoet//target/dspot/dependencies/: -d /Users/caro/Dev/StudyObjects/dspot-experiments/javapoet/target/test-classes -1.8 -preserveAllLocals -noExit -enableJavadoc -proc:none /Users/caro/Dev/StudyObjects/dspot-experiments/javapoet/target/dspot/tmp_test_sources/com/squareup/javapoet/JavaFileTest.java
[INFO] 2021-04-29 18:23:36 EntryPoint - Run: [java, -classpath, /Users/caro/Dev/StudyObjects/dspot-experiments/javapoet/target/classes/:/Users/caro/Dev/StudyObjects/dspot-experiments/javapoet/target/test-classes/:/Users/caro/Dev/StudyObjects/dspot-experiments/javapoet/target/test-classes:/Users/caro/.m2/repository/com/google/truth/truth/0.39/truth-0.39.jar:/Users/caro/.m2/repository/com/google/guava/guava/23.4-android/guava-23.4-android.jar:/Users/caro/.m2/repository/com/google/code/findbugs/jsr305/1.3.9/jsr305-1.3.9.jar:/Users/caro/.m2/repository/com/google/j2objc/j2objc-annotations/1.1/j2objc-annotations-1.1.jar:/Users/caro/.m2/repository/org/codehaus/mojo/animal-sniffer-annotations/1.14/animal-sniffer-annotations-1.14.jar:/Users/caro/.m2/repository/com/google/errorprone/error_prone_annotations/2.1.3/error_prone_annotations-2.1.3.jar:/Users/caro/.m2/repository/com/google/testing/compile/compile-testing/0.15/compile-testing-0.15.jar:/Users/caro/.m2/repository/com/google/truth/extensions/truth-java8-extension/0.37/truth-java8-extension-0.37.jar:/Users/caro/.m2/repository/com/google/auto/value/auto-value/1.5.3/auto-value-1.5.3.jar:/Users/caro/.m2/repository/com/google/auto/auto-common/0.9/auto-common-0.9.jar:/Library/Java/JavaVirtualMachines/adoptopenjdk-8.jdk/Contents/Home/jre/../lib/tools.jar:/Users/caro/.m2/repository/junit/junit/4.12/junit-4.12.jar:/Users/caro/.m2/repository/org/hamcrest/hamcrest-core/1.3/hamcrest-core-1.3.jar:/Users/caro/.m2/repository/com/google/jimfs/jimfs/1.1/jimfs-1.1.jar:/Users/caro/.m2/repository/org/mockito/mockito-core/2.13.0/mockito-core-2.13.0.jar:/Users/caro/.m2/repository/net/bytebuddy/byte-buddy/1.7.9/byte-buddy-1.7.9.jar:/Users/caro/.m2/repository/net/bytebuddy/byte-buddy-agent/1.7.9/byte-buddy-agent-1.7.9.jar:/Users/caro/.m2/repository/org/objenesis/objenesis/2.6/objenesis-2.6.jar:/Users/caro/.m2/repository/org/eclipse/jdt/core/compiler/ecj/4.6.1/ecj-4.6.1.jar:/Users/caro/Dev/StudyObjects/dspot-experiments/javapoet/target/dspot/dependencies/:/Users/caro/Dev/test-cube/build/idea-sandbox/plugins/test-cube/lib/dspot-3.1.1-SNAPSHOT-jar-with-dependencies.jar, eu.stamp_project.testrunner.runner.JUnit4Runner, --class, com.squareup.javapoet.JavaFileTest, --tests, importStaticReadmeExample_withlog0:importStaticReadmeExample_withlog1:importStaticReadmeExample_withlog2]
Parsing --class com.squareup.javapoet.JavaFileTest --tests importStaticReadmeExample_withlog0:importStaticReadmeExample_withlog1:importStaticReadmeExample_withlog2
File saved to the following path: /Users/caro/Dev/StudyObjects/dspot-experiments/javapoet/test-cube/workdir/target/dspot/observations.ser
File saved to the following path: /Users/caro/Dev/StudyObjects/dspot-experiments/javapoet/test-cube/workdir/target/TestResult.ser
Loading /Users/caro/Dev/StudyObjects/dspot-experiments/javapoet/test-cube/workdir/target/TestResult.ser
[INFO] 2021-04-29 18:23:38 EntryPoint - Test has been run: importStaticReadmeExample_withlog0,importStaticReadmeExample_withlog1,importStaticReadmeExample_withlog2
[INFO] 2021-04-29 18:23:38 MethodReconstructor - Generating assertions...
[INFO] 2021-04-29 18:23:38 AssertionGenerator - 32 new tests with assertions generated
[INFO] 2021-04-29 18:23:38 DSpotCompiler - Compiling with -proceedOnError -encoding UTF-8 -cp /Users/caro/Dev/StudyObjects/dspot-experiments/javapoet/target/dspot/tmp_test_sources:/Users/caro/.m2/repository/com/google/truth/truth/0.39/truth-0.39.jar:/Users/caro/.m2/repository/com/google/guava/guava/23.4-android/guava-23.4-android.jar:/Users/caro/.m2/repository/com/google/code/findbugs/jsr305/1.3.9/jsr305-1.3.9.jar:/Users/caro/.m2/repository/com/google/j2objc/j2objc-annotations/1.1/j2objc-annotations-1.1.jar:/Users/caro/.m2/repository/org/codehaus/mojo/animal-sniffer-annotations/1.14/animal-sniffer-annotations-1.14.jar:/Users/caro/.m2/repository/com/google/errorprone/error_prone_annotations/2.1.3/error_prone_annotations-2.1.3.jar:/Users/caro/.m2/repository/com/google/testing/compile/compile-testing/0.15/compile-testing-0.15.jar:/Users/caro/.m2/repository/com/google/truth/extensions/truth-java8-extension/0.37/truth-java8-extension-0.37.jar:/Users/caro/.m2/repository/com/google/auto/value/auto-value/1.5.3/auto-value-1.5.3.jar:/Users/caro/.m2/repository/com/google/auto/auto-common/0.9/auto-common-0.9.jar:/Library/Java/JavaVirtualMachines/adoptopenjdk-8.jdk/Contents/Home/jre/../lib/tools.jar:/Users/caro/.m2/repository/junit/junit/4.12/junit-4.12.jar:/Users/caro/.m2/repository/org/hamcrest/hamcrest-core/1.3/hamcrest-core-1.3.jar:/Users/caro/.m2/repository/com/google/jimfs/jimfs/1.1/jimfs-1.1.jar:/Users/caro/.m2/repository/org/mockito/mockito-core/2.13.0/mockito-core-2.13.0.jar:/Users/caro/.m2/repository/net/bytebuddy/byte-buddy/1.7.9/byte-buddy-1.7.9.jar:/Users/caro/.m2/repository/net/bytebuddy/byte-buddy-agent/1.7.9/byte-buddy-agent-1.7.9.jar:/Users/caro/.m2/repository/org/objenesis/objenesis/2.6/objenesis-2.6.jar:/Users/caro/.m2/repository/org/eclipse/jdt/core/compiler/ecj/4.6.1/ecj-4.6.1.jar:/Users/caro/Dev/StudyObjects/dspot-experiments/javapoet/target/classes/:/Users/caro/Dev/StudyObjects/dspot-experiments/javapoet/target/test-classes/:/Users/caro/Dev/StudyObjects/dspot-experiments/javapoet//target/dspot/dependencies/: -d /Users/caro/Dev/StudyObjects/dspot-experiments/javapoet/target/test-classes -1.8 -preserveAllLocals -noExit -enableJavadoc -proc:none /Users/caro/Dev/StudyObjects/dspot-experiments/javapoet/target/dspot/tmp_test_sources/com/squareup/javapoet/JavaFileTest.java
[INFO] 2021-04-29 18:23:38 EntryPoint - Run: [java, -classpath, /Users/caro/Dev/StudyObjects/dspot-experiments/javapoet/target/classes/:/Users/caro/Dev/StudyObjects/dspot-experiments/javapoet/target/test-classes/:/Users/caro/Dev/StudyObjects/dspot-experiments/javapoet/target/test-classes:/Users/caro/.m2/repository/com/google/truth/truth/0.39/truth-0.39.jar:/Users/caro/.m2/repository/com/google/guava/guava/23.4-android/guava-23.4-android.jar:/Users/caro/.m2/repository/com/google/code/findbugs/jsr305/1.3.9/jsr305-1.3.9.jar:/Users/caro/.m2/repository/com/google/j2objc/j2objc-annotations/1.1/j2objc-annotations-1.1.jar:/Users/caro/.m2/repository/org/codehaus/mojo/animal-sniffer-annotations/1.14/animal-sniffer-annotations-1.14.jar:/Users/caro/.m2/repository/com/google/errorprone/error_prone_annotations/2.1.3/error_prone_annotations-2.1.3.jar:/Users/caro/.m2/repository/com/google/testing/compile/compile-testing/0.15/compile-testing-0.15.jar:/Users/caro/.m2/repository/com/google/truth/extensions/truth-java8-extension/0.37/truth-java8-extension-0.37.jar:/Users/caro/.m2/repository/com/google/auto/value/auto-value/1.5.3/auto-value-1.5.3.jar:/Users/caro/.m2/repository/com/google/auto/auto-common/0.9/auto-common-0.9.jar:/Library/Java/JavaVirtualMachines/adoptopenjdk-8.jdk/Contents/Home/jre/../lib/tools.jar:/Users/caro/.m2/repository/junit/junit/4.12/junit-4.12.jar:/Users/caro/.m2/repository/org/hamcrest/hamcrest-core/1.3/hamcrest-core-1.3.jar:/Users/caro/.m2/repository/com/google/jimfs/jimfs/1.1/jimfs-1.1.jar:/Users/caro/.m2/repository/org/mockito/mockito-core/2.13.0/mockito-core-2.13.0.jar:/Users/caro/.m2/repository/net/bytebuddy/byte-buddy/1.7.9/byte-buddy-1.7.9.jar:/Users/caro/.m2/repository/net/bytebuddy/byte-buddy-agent/1.7.9/byte-buddy-agent-1.7.9.jar:/Users/caro/.m2/repository/org/objenesis/objenesis/2.6/objenesis-2.6.jar:/Users/caro/.m2/repository/org/eclipse/jdt/core/compiler/ecj/4.6.1/ecj-4.6.1.jar:/Users/caro/Dev/StudyObjects/dspot-experiments/javapoet/target/dspot/dependencies/:/Users/caro/Dev/test-cube/build/idea-sandbox/plugins/test-cube/lib/dspot-3.1.1-SNAPSHOT-jar-with-dependencies.jar, eu.stamp_project.testrunner.runner.JUnit4Runner, --class, com.squareup.javapoet.JavaFileTest, --tests, importStaticReadmeExample_assSep4:importStaticReadmeExample_assSep5:importStaticReadmeExample_assSep6:importStaticReadmeExample_assSep7:importStaticReadmeExample_assSep8:importStaticReadmeExample_assSep9:importStaticReadmeExample_assSep10:importStaticReadmeExample_assSep11:importStaticReadmeExample_assSep12:importStaticReadmeExample_assSep13:importStaticReadmeExample_assSep14:importStaticReadmeExample_assSep15:importStaticReadmeExample_assSep16:importStaticReadmeExample_assSep17:importStaticReadmeExample_assSep18:importStaticReadmeExample_assSep19:importStaticReadmeExample_assSep20:importStaticReadmeExample_assSep21:importStaticReadmeExample_assSep22:importStaticReadmeExample_assSep23:importStaticReadmeExample_assSep24:importStaticReadmeExample_assSep25:importStaticReadmeExample_assSep26:importStaticReadmeExample_assSep27:importStaticReadmeExample_assSep28:importStaticReadmeExample_assSep29:importStaticReadmeExample_assSep30:importStaticReadmeExample_assSep31:importStaticReadmeExample_assSep32:importStaticReadmeExample_assSep33:importStaticReadmeExample_assSep34:importStaticReadmeExample_assSep35]
Parsing --class com.squareup.javapoet.JavaFileTest --tests importStaticReadmeExample_assSep4:importStaticReadmeExample_assSep5:importStaticReadmeExample_assSep6:importStaticReadmeExample_assSep7:importStaticReadmeExample_assSep8:importStaticReadmeExample_assSep9:importStaticReadmeExample_assSep10:importStaticReadmeExample_assSep11:importStaticReadmeExample_assSep12:importStaticReadmeExample_assSep13:importStaticReadmeExample_assSep14:importStaticReadmeExample_assSep15:importStaticReadmeExample_assSep16:importStaticReadmeExample_assSep17:importStaticReadmeExample_assSep18:importStaticReadmeExample_assSep19:importStaticReadmeExample_assSep20:importStaticReadmeExample_assSep21:importStaticReadmeExample_assSep22:importStaticReadmeExample_assSep23:importStaticReadmeExample_assSep24:importStaticReadmeExample_assSep25:importStaticReadmeExample_assSep26:importStaticReadmeExample_assSep27:importStaticReadmeExample_assSep28:importStaticReadmeExample_assSep29:importStaticReadmeExample_assSep30:importStaticReadmeExample_assSep31:importStaticReadmeExample_assSep32:importStaticReadmeExample_assSep33:importStaticReadmeExample_assSep34:importStaticReadmeExample_assSep35
File saved to the following path: /Users/caro/Dev/StudyObjects/dspot-experiments/javapoet/test-cube/workdir/target/TestResult.ser
Loading /Users/caro/Dev/StudyObjects/dspot-experiments/javapoet/test-cube/workdir/target/TestResult.ser
[INFO] 2021-04-29 18:23:40 EntryPoint - Test has been run: importStaticReadmeExample_assSep4,importStaticReadmeExample_assSep5,importStaticReadmeExample_assSep6,importStaticReadmeExample_assSep7,importStaticReadmeExample_assSep8,importStaticReadmeExample_assSep9,importStaticReadmeExample_assSep10,importStaticReadmeExample_assSep11,importStaticReadmeExample_assSep12,importStaticReadmeExample_assSep13,importStaticReadmeExample_assSep14,importStaticReadmeExample_assSep15,importStaticReadmeExample_assSep16,importStaticReadmeExample_assSep17,importStaticReadmeExample_assSep18,importStaticReadmeExample_assSep19,importStaticReadmeExample_assSep20,importStaticReadmeExample_assSep21,importStaticReadmeExample_assSep22,importStaticReadmeExample_assSep23,importStaticReadmeExample_assSep24,importStaticReadmeExample_assSep25,importStaticReadmeExample_assSep26,importStaticReadmeExample_assSep27,importStaticReadmeExample_assSep28,importStaticReadmeExample_assSep29,importStaticReadmeExample_assSep30,importStaticReadmeExample_assSep31,importStaticReadmeExample_assSep32,importStaticReadmeExample_assSep33,importStaticReadmeExample_assSep34,importStaticReadmeExample_assSep35
[INFO] 2021-04-29 18:23:40 EntryPoint - Run: [java, -classpath, /Users/caro/.m2/repository/com/google/truth/truth/0.39/truth-0.39.jar:/Users/caro/.m2/repository/com/google/guava/guava/23.4-android/guava-23.4-android.jar:/Users/caro/.m2/repository/com/google/code/findbugs/jsr305/1.3.9/jsr305-1.3.9.jar:/Users/caro/.m2/repository/com/google/j2objc/j2objc-annotations/1.1/j2objc-annotations-1.1.jar:/Users/caro/.m2/repository/org/codehaus/mojo/animal-sniffer-annotations/1.14/animal-sniffer-annotations-1.14.jar:/Users/caro/.m2/repository/com/google/errorprone/error_prone_annotations/2.1.3/error_prone_annotations-2.1.3.jar:/Users/caro/.m2/repository/com/google/testing/compile/compile-testing/0.15/compile-testing-0.15.jar:/Users/caro/.m2/repository/com/google/truth/extensions/truth-java8-extension/0.37/truth-java8-extension-0.37.jar:/Users/caro/.m2/repository/com/google/auto/value/auto-value/1.5.3/auto-value-1.5.3.jar:/Users/caro/.m2/repository/com/google/auto/auto-common/0.9/auto-common-0.9.jar:/Library/Java/JavaVirtualMachines/adoptopenjdk-8.jdk/Contents/Home/jre/../lib/tools.jar:/Users/caro/.m2/repository/junit/junit/4.12/junit-4.12.jar:/Users/caro/.m2/repository/org/hamcrest/hamcrest-core/1.3/hamcrest-core-1.3.jar:/Users/caro/.m2/repository/com/google/jimfs/jimfs/1.1/jimfs-1.1.jar:/Users/caro/.m2/repository/org/mockito/mockito-core/2.13.0/mockito-core-2.13.0.jar:/Users/caro/.m2/repository/net/bytebuddy/byte-buddy/1.7.9/byte-buddy-1.7.9.jar:/Users/caro/.m2/repository/net/bytebuddy/byte-buddy-agent/1.7.9/byte-buddy-agent-1.7.9.jar:/Users/caro/.m2/repository/org/objenesis/objenesis/2.6/objenesis-2.6.jar:/Users/caro/.m2/repository/org/eclipse/jdt/core/compiler/ecj/4.6.1/ecj-4.6.1.jar:/Users/caro/Dev/StudyObjects/dspot-experiments/javapoet/target/classes/:/Users/caro/Dev/StudyObjects/dspot-experiments/javapoet/target/test-classes/:/Users/caro/Dev/test-cube/build/idea-sandbox/plugins/test-cube/lib/dspot-3.1.1-SNAPSHOT-jar-with-dependencies.jar:/Users/caro/Dev/test-cube/build/idea-sandbox/plugins/test-cube/lib/dspot-3.1.1-SNAPSHOT-jar-with-dependencies.jar:/Users/caro/Dev/test-cube/build/idea-sandbox/plugins/test-cube/lib/dspot-3.1.1-SNAPSHOT-jar-with-dependencies.jar:/Users/caro/Dev/test-cube/build/idea-sandbox/plugins/test-cube/lib/dspot-3.1.1-SNAPSHOT-jar-with-dependencies.jar, eu.stamp_project.testrunner.runner.coverage.JUnit4JacocoRunnerPerTestMethod, --binaries, /Users/caro/Dev/StudyObjects/dspot-experiments/javapoet/target/classes/:/Users/caro/Dev/StudyObjects/dspot-experiments/javapoet/target/test-classes/, --class, com.squareup.javapoet.JavaFileTest, --tests, importStaticReadmeExample_assSep4:importStaticReadmeExample_assSep5:importStaticReadmeExample_assSep6:importStaticReadmeExample_assSep7:importStaticReadmeExample_assSep8:importStaticReadmeExample_assSep9:importStaticReadmeExample_assSep10:importStaticReadmeExample_assSep11:importStaticReadmeExample_assSep12:importStaticReadmeExample_assSep13:importStaticReadmeExample_assSep14:importStaticReadmeExample_assSep15:importStaticReadmeExample_assSep16:importStaticReadmeExample_assSep17:importStaticReadmeExample_assSep18:importStaticReadmeExample_assSep19:importStaticReadmeExample_assSep20:importStaticReadmeExample_assSep21:importStaticReadmeExample_assSep22:importStaticReadmeExample_assSep23:importStaticReadmeExample_assSep24:importStaticReadmeExample_assSep25:importStaticReadmeExample_assSep26:importStaticReadmeExample_assSep27:importStaticReadmeExample_assSep28:importStaticReadmeExample_assSep29:importStaticReadmeExample_assSep30:importStaticReadmeExample_assSep31:importStaticReadmeExample_assSep32:importStaticReadmeExample_assSep33:importStaticReadmeExample_assSep34:importStaticReadmeExample_assSep35]
Parsing --binaries /Users/caro/Dev/StudyObjects/dspot-experiments/javapoet/target/classes/:/Users/caro/Dev/StudyObjects/dspot-experiments/javapoet/target/test-classes/ --class com.squareup.javapoet.JavaFileTest --tests importStaticReadmeExample_assSep4:importStaticReadmeExample_assSep5:importStaticReadmeExample_assSep6:importStaticReadmeExample_assSep7:importStaticReadmeExample_assSep8:importStaticReadmeExample_assSep9:importStaticReadmeExample_assSep10:importStaticReadmeExample_assSep11:importStaticReadmeExample_assSep12:importStaticReadmeExample_assSep13:importStaticReadmeExample_assSep14:importStaticReadmeExample_assSep15:importStaticReadmeExample_assSep16:importStaticReadmeExample_assSep17:importStaticReadmeExample_assSep18:importStaticReadmeExample_assSep19:importStaticReadmeExample_assSep20:importStaticReadmeExample_assSep21:importStaticReadmeExample_assSep22:importStaticReadmeExample_assSep23:importStaticReadmeExample_assSep24:importStaticReadmeExample_assSep25:importStaticReadmeExample_assSep26:importStaticReadmeExample_assSep27:importStaticReadmeExample_assSep28:importStaticReadmeExample_assSep29:importStaticReadmeExample_assSep30:importStaticReadmeExample_assSep31:importStaticReadmeExample_assSep32:importStaticReadmeExample_assSep33:importStaticReadmeExample_assSep34:importStaticReadmeExample_assSep35
File saved to the following path: /Users/caro/Dev/StudyObjects/dspot-experiments/javapoet/test-cube/workdir/target/CoveragePerTest.ser
Loading /Users/caro/Dev/StudyObjects/dspot-experiments/javapoet/test-cube/workdir/target/CoveragePerTest.ser
[INFO] 2021-04-29 18:23:44 EntryPoint - Coverage per test methods has been computed 
	importStaticReadmeExample_assSep31: 2543 / 10895
	importStaticReadmeExample_assSep30: 1494 / 10895
	importStaticReadmeExample_assSep11: 1512 / 10895
	importStaticReadmeExample_assSep33: 1499 / 10895
	importStaticReadmeExample_assSep10: 1494 / 10895
	importStaticReadmeExample_assSep32: 2547 / 10895
	importStaticReadmeExample_assSep13: 1983 / 10895
	importStaticReadmeExample_assSep35: 2875 / 10895
	importStaticReadmeExample_assSep12: 2030 / 10895
	importStaticReadmeExample_assSep34: 2871 / 10895
	importStaticReadmeExample_assSep15: 1494 / 10895
	importStaticReadmeExample_assSep14: 1987 / 10895
	importStaticReadmeExample_assSep17: 2022 / 10895
	importStaticReadmeExample_assSep16: 1508 / 10895
	importStaticReadmeExample_assSep19: 1979 / 10895
	importStaticReadmeExample_assSep18: 1975 / 10895
	importStaticReadmeExample_assSep20: 1494 / 10895
	importStaticReadmeExample_assSep22: 2022 / 10895
	importStaticReadmeExample_assSep21: 1508 / 10895
	importStaticReadmeExample_assSep24: 1979 / 10895
	importStaticReadmeExample_assSep23: 1975 / 10895
	importStaticReadmeExample_assSep26: 1500 / 10895
	importStaticReadmeExample_assSep25: 1494 / 10895
	importStaticReadmeExample_assSep28: 2019 / 10895
	importStaticReadmeExample_assSep27: 1537 / 10895
	importStaticReadmeExample_assSep29: 2023 / 10895
	importStaticReadmeExample_assSep4: 3289 / 10895
	importStaticReadmeExample_assSep6: 1508 / 10895
	importStaticReadmeExample_assSep5: 3266 / 10895
	importStaticReadmeExample_assSep8: 1975 / 10895
	importStaticReadmeExample_assSep7: 2022 / 10895
	importStaticReadmeExample_assSep9: 1979 / 10895
[INFO] 2021-04-29 18:23:44 DSpot - 7 amplified test method(s) have been selected to be kept.
[INFO] 2021-04-29 18:23:44 DSpot - Dev friendly amplification, path 1: 7 test method(s) have been successfully amplified.
[INFO] 2021-04-29 18:23:44 EntryPoint - Run: [java, -classpath, /Users/caro/.m2/repository/com/google/truth/truth/0.39/truth-0.39.jar:/Users/caro/.m2/repository/com/google/guava/guava/23.4-android/guava-23.4-android.jar:/Users/caro/.m2/repository/com/google/code/findbugs/jsr305/1.3.9/jsr305-1.3.9.jar:/Users/caro/.m2/repository/com/google/j2objc/j2objc-annotations/1.1/j2objc-annotations-1.1.jar:/Users/caro/.m2/repository/org/codehaus/mojo/animal-sniffer-annotations/1.14/animal-sniffer-annotations-1.14.jar:/Users/caro/.m2/repository/com/google/errorprone/error_prone_annotations/2.1.3/error_prone_annotations-2.1.3.jar:/Users/caro/.m2/repository/com/google/testing/compile/compile-testing/0.15/compile-testing-0.15.jar:/Users/caro/.m2/repository/com/google/truth/extensions/truth-java8-extension/0.37/truth-java8-extension-0.37.jar:/Users/caro/.m2/repository/com/google/auto/value/auto-value/1.5.3/auto-value-1.5.3.jar:/Users/caro/.m2/repository/com/google/auto/auto-common/0.9/auto-common-0.9.jar:/Library/Java/JavaVirtualMachines/adoptopenjdk-8.jdk/Contents/Home/jre/../lib/tools.jar:/Users/caro/.m2/repository/junit/junit/4.12/junit-4.12.jar:/Users/caro/.m2/repository/org/hamcrest/hamcrest-core/1.3/hamcrest-core-1.3.jar:/Users/caro/.m2/repository/com/google/jimfs/jimfs/1.1/jimfs-1.1.jar:/Users/caro/.m2/repository/org/mockito/mockito-core/2.13.0/mockito-core-2.13.0.jar:/Users/caro/.m2/repository/net/bytebuddy/byte-buddy/1.7.9/byte-buddy-1.7.9.jar:/Users/caro/.m2/repository/net/bytebuddy/byte-buddy-agent/1.7.9/byte-buddy-agent-1.7.9.jar:/Users/caro/.m2/repository/org/objenesis/objenesis/2.6/objenesis-2.6.jar:/Users/caro/.m2/repository/org/eclipse/jdt/core/compiler/ecj/4.6.1/ecj-4.6.1.jar:/Users/caro/Dev/StudyObjects/dspot-experiments/javapoet/target/classes/:/Users/caro/Dev/StudyObjects/dspot-experiments/javapoet/target/test-classes/:/Users/caro/Dev/test-cube/build/idea-sandbox/plugins/test-cube/lib/dspot-3.1.1-SNAPSHOT-jar-with-dependencies.jar:/Users/caro/Dev/test-cube/build/idea-sandbox/plugins/test-cube/lib/dspot-3.1.1-SNAPSHOT-jar-with-dependencies.jar:/Users/caro/Dev/test-cube/build/idea-sandbox/plugins/test-cube/lib/dspot-3.1.1-SNAPSHOT-jar-with-dependencies.jar:/Users/caro/Dev/test-cube/build/idea-sandbox/plugins/test-cube/lib/dspot-3.1.1-SNAPSHOT-jar-with-dependencies.jar, eu.stamp_project.testrunner.runner.coverage.JUnit4JacocoRunner, --binaries, /Users/caro/Dev/StudyObjects/dspot-experiments/javapoet/target/classes/:/Users/caro/Dev/StudyObjects/dspot-experiments/javapoet/target/test-classes/, --class, com.squareup.javapoet.JavaFileTest]
Parsing --binaries /Users/caro/Dev/StudyObjects/dspot-experiments/javapoet/target/classes/:/Users/caro/Dev/StudyObjects/dspot-experiments/javapoet/target/test-classes/ --class com.squareup.javapoet.JavaFileTest
Some test(s) failed during computation of coverage:
avoidClashes_parentChild_superinterface_typeMirror(com.squareup.javapoet.JavaFileTest): tried to access class com.squareup.javapoet.JavaFileTest$ParentInterface from class com.squareup.javapoet.JavaFileTest
avoidClashes_parentChild_superclass_type(com.squareup.javapoet.JavaFileTest): tried to access class com.squareup.javapoet.JavaFileTest$Parent from class com.squareup.javapoet.JavaFileTest
avoidClashes_parentChild_superclass_typeMirror(com.squareup.javapoet.JavaFileTest): com/squareup/javapoet/JavaFileTest$Parent
avoidClashesWithNestedClasses_viaTypeElement(com.squareup.javapoet.JavaFileTest): tried to access class com.squareup.javapoet.JavaFileTest$Foo from class com.squareup.javapoet.JavaFileTest
avoidClashesWithNestedClasses_viaClass(com.squareup.javapoet.JavaFileTest): com/squareup/javapoet/JavaFileTest$Foo
avoidClashes_parentChild_superinterface_type(com.squareup.javapoet.JavaFileTest): com/squareup/javapoet/JavaFileTest$ParentInterface
avoidClashesWithNestedClasses_viaSuperinterfaceType(com.squareup.javapoet.JavaFileTest): tried to access class com.squareup.javapoet.JavaFileTest$FooInterface from class com.squareup.javapoet.JavaFileTest
File saved to the following path: /Users/caro/Dev/StudyObjects/dspot-experiments/javapoet/test-cube/workdir/target/Coverage.ser
Loading /Users/caro/Dev/StudyObjects/dspot-experiments/javapoet/test-cube/workdir/target/Coverage.ser
[INFO] 2021-04-29 18:23:47 EntryPoint - Global coverage has been computed 5416 / 10895
[INFO] 2021-04-29 18:23:47 DSpot - 1 tests selected to be amplified over 1 available tests
[INFO] 2021-04-29 18:23:47 RandomInputAmplDistributor - Amplification of inputs...

100% |================================================== ]/
[INFO] 2021-04-29 18:23:56 RandomInputAmplDistributor - 224 new tests generated
[WARN] 2021-04-29 18:23:56 RandomInputAmplDistributor - Too many tests have been generated: 224
[INFO] 2021-04-29 18:23:56 RandomInputAmplDistributor - Number of generated test reduced to 25
[INFO] 2021-04-29 18:23:56 AssertionGenerator - Run tests. (25)
[INFO] 2021-04-29 18:23:56 DSpotCompiler - Compiling with -proceedOnError -encoding UTF-8 -cp /Users/caro/Dev/StudyObjects/dspot-experiments/javapoet/target/dspot/tmp_test_sources:/Users/caro/.m2/repository/com/google/truth/truth/0.39/truth-0.39.jar:/Users/caro/.m2/repository/com/google/guava/guava/23.4-android/guava-23.4-android.jar:/Users/caro/.m2/repository/com/google/code/findbugs/jsr305/1.3.9/jsr305-1.3.9.jar:/Users/caro/.m2/repository/com/google/j2objc/j2objc-annotations/1.1/j2objc-annotations-1.1.jar:/Users/caro/.m2/repository/org/codehaus/mojo/animal-sniffer-annotations/1.14/animal-sniffer-annotations-1.14.jar:/Users/caro/.m2/repository/com/google/errorprone/error_prone_annotations/2.1.3/error_prone_annotations-2.1.3.jar:/Users/caro/.m2/repository/com/google/testing/compile/compile-testing/0.15/compile-testing-0.15.jar:/Users/caro/.m2/repository/com/google/truth/extensions/truth-java8-extension/0.37/truth-java8-extension-0.37.jar:/Users/caro/.m2/repository/com/google/auto/value/auto-value/1.5.3/auto-value-1.5.3.jar:/Users/caro/.m2/repository/com/google/auto/auto-common/0.9/auto-common-0.9.jar:/Library/Java/JavaVirtualMachines/adoptopenjdk-8.jdk/Contents/Home/jre/../lib/tools.jar:/Users/caro/.m2/repository/junit/junit/4.12/junit-4.12.jar:/Users/caro/.m2/repository/org/hamcrest/hamcrest-core/1.3/hamcrest-core-1.3.jar:/Users/caro/.m2/repository/com/google/jimfs/jimfs/1.1/jimfs-1.1.jar:/Users/caro/.m2/repository/org/mockito/mockito-core/2.13.0/mockito-core-2.13.0.jar:/Users/caro/.m2/repository/net/bytebuddy/byte-buddy/1.7.9/byte-buddy-1.7.9.jar:/Users/caro/.m2/repository/net/bytebuddy/byte-buddy-agent/1.7.9/byte-buddy-agent-1.7.9.jar:/Users/caro/.m2/repository/org/objenesis/objenesis/2.6/objenesis-2.6.jar:/Users/caro/.m2/repository/org/eclipse/jdt/core/compiler/ecj/4.6.1/ecj-4.6.1.jar:/Users/caro/Dev/StudyObjects/dspot-experiments/javapoet/target/classes/:/Users/caro/Dev/StudyObjects/dspot-experiments/javapoet/target/test-classes/:/Users/caro/Dev/StudyObjects/dspot-experiments/javapoet//target/dspot/dependencies/: -d /Users/caro/Dev/StudyObjects/dspot-experiments/javapoet/target/test-classes -1.8 -preserveAllLocals -noExit -enableJavadoc -proc:none /Users/caro/Dev/StudyObjects/dspot-experiments/javapoet/target/dspot/tmp_test_sources/com/squareup/javapoet/JavaFileTest.java
[ERROR] 2021-04-29 18:23:56 TestCompiler - Error(s) during compilation:
[ERROR] 2021-04-29 18:23:56 TestCompiler - Pb(102) The method addStaticImport(Class<?>, String[]) is ambiguous for the type JavaFile.Builder
[INFO] 2021-04-29 18:23:56 Launcher - Running in NOCLASSPATH mode (doc: http://spoon.gforge.inria.fr/launcher.html).
[INFO] 2021-04-29 18:23:57 DSpotCompiler - Compiling with -proceedOnError -encoding UTF-8 -cp /Users/caro/Dev/StudyObjects/dspot-experiments/javapoet/target/dspot/tmp_test_sources:/Users/caro/.m2/repository/com/google/truth/truth/0.39/truth-0.39.jar:/Users/caro/.m2/repository/com/google/guava/guava/23.4-android/guava-23.4-android.jar:/Users/caro/.m2/repository/com/google/code/findbugs/jsr305/1.3.9/jsr305-1.3.9.jar:/Users/caro/.m2/repository/com/google/j2objc/j2objc-annotations/1.1/j2objc-annotations-1.1.jar:/Users/caro/.m2/repository/org/codehaus/mojo/animal-sniffer-annotations/1.14/animal-sniffer-annotations-1.14.jar:/Users/caro/.m2/repository/com/google/errorprone/error_prone_annotations/2.1.3/error_prone_annotations-2.1.3.jar:/Users/caro/.m2/repository/com/google/testing/compile/compile-testing/0.15/compile-testing-0.15.jar:/Users/caro/.m2/repository/com/google/truth/extensions/truth-java8-extension/0.37/truth-java8-extension-0.37.jar:/Users/caro/.m2/repository/com/google/auto/value/auto-value/1.5.3/auto-value-1.5.3.jar:/Users/caro/.m2/repository/com/google/auto/auto-common/0.9/auto-common-0.9.jar:/Library/Java/JavaVirtualMachines/adoptopenjdk-8.jdk/Contents/Home/jre/../lib/tools.jar:/Users/caro/.m2/repository/junit/junit/4.12/junit-4.12.jar:/Users/caro/.m2/repository/org/hamcrest/hamcrest-core/1.3/hamcrest-core-1.3.jar:/Users/caro/.m2/repository/com/google/jimfs/jimfs/1.1/jimfs-1.1.jar:/Users/caro/.m2/repository/org/mockito/mockito-core/2.13.0/mockito-core-2.13.0.jar:/Users/caro/.m2/repository/net/bytebuddy/byte-buddy/1.7.9/byte-buddy-1.7.9.jar:/Users/caro/.m2/repository/net/bytebuddy/byte-buddy-agent/1.7.9/byte-buddy-agent-1.7.9.jar:/Users/caro/.m2/repository/org/objenesis/objenesis/2.6/objenesis-2.6.jar:/Users/caro/.m2/repository/org/eclipse/jdt/core/compiler/ecj/4.6.1/ecj-4.6.1.jar:/Users/caro/Dev/StudyObjects/dspot-experiments/javapoet/target/classes/:/Users/caro/Dev/StudyObjects/dspot-experiments/javapoet/target/test-classes/:/Users/caro/Dev/StudyObjects/dspot-experiments/javapoet//target/dspot/dependencies/: -d /Users/caro/Dev/StudyObjects/dspot-experiments/javapoet/target/test-classes -1.8 -preserveAllLocals -noExit -enableJavadoc -proc:none /Users/caro/Dev/StudyObjects/dspot-experiments/javapoet/target/dspot/tmp_test_sources/com/squareup/javapoet/JavaFileTest.java
[INFO] 2021-04-29 18:23:57 EntryPoint - Run: [java, -classpath, /Users/caro/Dev/StudyObjects/dspot-experiments/javapoet/target/classes/:/Users/caro/Dev/StudyObjects/dspot-experiments/javapoet/target/test-classes/:/Users/caro/Dev/StudyObjects/dspot-experiments/javapoet/target/test-classes:/Users/caro/.m2/repository/com/google/truth/truth/0.39/truth-0.39.jar:/Users/caro/.m2/repository/com/google/guava/guava/23.4-android/guava-23.4-android.jar:/Users/caro/.m2/repository/com/google/code/findbugs/jsr305/1.3.9/jsr305-1.3.9.jar:/Users/caro/.m2/repository/com/google/j2objc/j2objc-annotations/1.1/j2objc-annotations-1.1.jar:/Users/caro/.m2/repository/org/codehaus/mojo/animal-sniffer-annotations/1.14/animal-sniffer-annotations-1.14.jar:/Users/caro/.m2/repository/com/google/errorprone/error_prone_annotations/2.1.3/error_prone_annotations-2.1.3.jar:/Users/caro/.m2/repository/com/google/testing/compile/compile-testing/0.15/compile-testing-0.15.jar:/Users/caro/.m2/repository/com/google/truth/extensions/truth-java8-extension/0.37/truth-java8-extension-0.37.jar:/Users/caro/.m2/repository/com/google/auto/value/auto-value/1.5.3/auto-value-1.5.3.jar:/Users/caro/.m2/repository/com/google/auto/auto-common/0.9/auto-common-0.9.jar:/Library/Java/JavaVirtualMachines/adoptopenjdk-8.jdk/Contents/Home/jre/../lib/tools.jar:/Users/caro/.m2/repository/junit/junit/4.12/junit-4.12.jar:/Users/caro/.m2/repository/org/hamcrest/hamcrest-core/1.3/hamcrest-core-1.3.jar:/Users/caro/.m2/repository/com/google/jimfs/jimfs/1.1/jimfs-1.1.jar:/Users/caro/.m2/repository/org/mockito/mockito-core/2.13.0/mockito-core-2.13.0.jar:/Users/caro/.m2/repository/net/bytebuddy/byte-buddy/1.7.9/byte-buddy-1.7.9.jar:/Users/caro/.m2/repository/net/bytebuddy/byte-buddy-agent/1.7.9/byte-buddy-agent-1.7.9.jar:/Users/caro/.m2/repository/org/objenesis/objenesis/2.6/objenesis-2.6.jar:/Users/caro/.m2/repository/org/eclipse/jdt/core/compiler/ecj/4.6.1/ecj-4.6.1.jar:/Users/caro/Dev/StudyObjects/dspot-experiments/javapoet/target/dspot/dependencies/:/Users/caro/Dev/test-cube/build/idea-sandbox/plugins/test-cube/lib/dspot-3.1.1-SNAPSHOT-jar-with-dependencies.jar, eu.stamp_project.testrunner.runner.JUnit4Runner, --class, com.squareup.javapoet.JavaFileTest, --tests, importStaticReadmeExample_literalMutationString112:importStaticReadmeExample_mg198:importStaticReadmeExample_mg210:importStaticReadmeExample_add42:importStaticReadmeExample_mg220:importStaticReadmeExample_literalMutationString137:importStaticReadmeExample_literalMutationString154:importStaticReadmeExample_literalMutationString67:importStaticReadmeExample_literalMutationString80:importStaticReadmeExamplenull253:importStaticReadmeExample_add57:importStaticReadmeExample_literalMutationString169:importStaticReadmeExample_mg224:importStaticReadmeExample_mg228:importStaticReadmeExample_mg235:importStaticReadmeExamplenull247:importStaticReadmeExamplenull241:importStaticReadmeExamplenull247:importStaticReadmeExample_mg205:importStaticReadmeExample_mg232:importStaticReadmeExample_literalMutationString155:importStaticReadmeExample_literalMutationString86:importStaticReadmeExample_literalMutationString117:importStaticReadmeExample_literalMutationString151]
Parsing --class com.squareup.javapoet.JavaFileTest --tests importStaticReadmeExample_literalMutationString112:importStaticReadmeExample_mg198:importStaticReadmeExample_mg210:importStaticReadmeExample_add42:importStaticReadmeExample_mg220:importStaticReadmeExample_literalMutationString137:importStaticReadmeExample_literalMutationString154:importStaticReadmeExample_literalMutationString67:importStaticReadmeExample_literalMutationString80:importStaticReadmeExamplenull253:importStaticReadmeExample_add57:importStaticReadmeExample_literalMutationString169:importStaticReadmeExample_mg224:importStaticReadmeExample_mg228:importStaticReadmeExample_mg235:importStaticReadmeExamplenull247:importStaticReadmeExamplenull241:importStaticReadmeExamplenull247:importStaticReadmeExample_mg205:importStaticReadmeExample_mg232:importStaticReadmeExample_literalMutationString155:importStaticReadmeExample_literalMutationString86:importStaticReadmeExample_literalMutationString117:importStaticReadmeExample_literalMutationString151
File saved to the following path: /Users/caro/Dev/StudyObjects/dspot-experiments/javapoet/test-cube/workdir/target/TestResult.ser
Loading /Users/caro/Dev/StudyObjects/dspot-experiments/javapoet/test-cube/workdir/target/TestResult.ser
[INFO] 2021-04-29 18:24:00 EntryPoint - Test has been run: importStaticReadmeExamplenull241,importStaticReadmeExample_add42,importStaticReadmeExample_add57,importStaticReadmeExample_mg198,importStaticReadmeExample_mg205,importStaticReadmeExample_mg210,importStaticReadmeExample_mg220,importStaticReadmeExample_mg224,importStaticReadmeExample_mg228,importStaticReadmeExample_mg232,importStaticReadmeExample_mg235,importStaticReadmeExample_literalMutationString67,importStaticReadmeExample_literalMutationString80,importStaticReadmeExample_literalMutationString86,importStaticReadmeExample_literalMutationString112,importStaticReadmeExample_literalMutationString117,importStaticReadmeExample_literalMutationString137,importStaticReadmeExample_literalMutationString151,importStaticReadmeExample_literalMutationString169,importStaticReadmeExamplenull247(com.squareup.javapoet.JavaFileTest): name == null,importStaticReadmeExamplenull253(com.squareup.javapoet.JavaFileTest): null,importStaticReadmeExample_literalMutationString154(com.squareup.javapoet.JavaFileTest): invalid format string: 'Jp9Flz5*yC=M]:bMoV#NG^1yAAF?5P&+YTN/#yO[*WW4JN-$n',importStaticReadmeExample_literalMutationString155(com.squareup.javapoet.JavaFileTest): not a valid name: 
[INFO] 2021-04-29 18:24:00 AssertionGenerator - 19 test pass, generating assertion...
[INFO] 2021-04-29 18:24:01 Observer - Add observations points in passing tests.
[INFO] 2021-04-29 18:24:01 Observer - Instrumentation...

  2% |= ]/
  5% |== ]-
  7% |=== ]\
 10% |===== ]|
 13% |====== ]/
 15% |======= ]-
 18% |========= ]\
 21% |========== ]|
 23% |=========== ]/
 26% |============= ]-
 28% |============== ]\
 31% |=============== ]|
 34% |================= ]/
 36% |================== ]-
 39% |=================== ]\
 42% |===================== ]|
 44% |====================== ]/
 47% |======================= ]-
 50% |========================= ]\
 52% |========================== ]|
 52% |========================== ]|
 52% |========================== ]|
 52% |========================== ]|
 52% |========================== ]|
 52% |========================== ]|
 52% |========================== ]|
 52% |========================== ]|
 52% |========================== ]|
 52% |========================== ]|
 52% |========================== ]|
 52% |========================== ]|
 52% |========================== ]|
 52% |========================== ]|
 52% |========================== ]|
 52% |========================== ]|
 52% |========================== ]|
 52% |========================== ]|
 52% |========================== ]|[INFO] 2021-04-29 18:24:02 Observer - Run instrumented tests. (114)
[INFO] 2021-04-29 18:24:02 DSpotCompiler - Compiling with -proceedOnError -encoding UTF-8 -cp /Users/caro/Dev/StudyObjects/dspot-experiments/javapoet/target/dspot/tmp_test_sources:/Users/caro/.m2/repository/com/google/truth/truth/0.39/truth-0.39.jar:/Users/caro/.m2/repository/com/google/guava/guava/23.4-android/guava-23.4-android.jar:/Users/caro/.m2/repository/com/google/code/findbugs/jsr305/1.3.9/jsr305-1.3.9.jar:/Users/caro/.m2/repository/com/google/j2objc/j2objc-annotations/1.1/j2objc-annotations-1.1.jar:/Users/caro/.m2/repository/org/codehaus/mojo/animal-sniffer-annotations/1.14/animal-sniffer-annotations-1.14.jar:/Users/caro/.m2/repository/com/google/errorprone/error_prone_annotations/2.1.3/error_prone_annotations-2.1.3.jar:/Users/caro/.m2/repository/com/google/testing/compile/compile-testing/0.15/compile-testing-0.15.jar:/Users/caro/.m2/repository/com/google/truth/extensions/truth-java8-extension/0.37/truth-java8-extension-0.37.jar:/Users/caro/.m2/repository/com/google/auto/value/auto-value/1.5.3/auto-value-1.5.3.jar:/Users/caro/.m2/repository/com/google/auto/auto-common/0.9/auto-common-0.9.jar:/Library/Java/JavaVirtualMachines/adoptopenjdk-8.jdk/Contents/Home/jre/../lib/tools.jar:/Users/caro/.m2/repository/junit/junit/4.12/junit-4.12.jar:/Users/caro/.m2/repository/org/hamcrest/hamcrest-core/1.3/hamcrest-core-1.3.jar:/Users/caro/.m2/repository/com/google/jimfs/jimfs/1.1/jimfs-1.1.jar:/Users/caro/.m2/repository/org/mockito/mockito-core/2.13.0/mockito-core-2.13.0.jar:/Users/caro/.m2/repository/net/bytebuddy/byte-buddy/1.7.9/byte-buddy-1.7.9.jar:/Users/caro/.m2/repository/net/bytebuddy/byte-buddy-agent/1.7.9/byte-buddy-agent-1.7.9.jar:/Users/caro/.m2/repository/org/objenesis/objenesis/2.6/objenesis-2.6.jar:/Users/caro/.m2/repository/org/eclipse/jdt/core/compiler/ecj/4.6.1/ecj-4.6.1.jar:/Users/caro/Dev/StudyObjects/dspot-experiments/javapoet/target/classes/:/Users/caro/Dev/StudyObjects/dspot-experiments/javapoet/target/test-classes/:/Users/caro/Dev/StudyObjects/dspot-experiments/javapoet//target/dspot/dependencies/: -d /Users/caro/Dev/StudyObjects/dspot-experiments/javapoet/target/test-classes -1.8 -preserveAllLocals -noExit -enableJavadoc -proc:none /Users/caro/Dev/StudyObjects/dspot-experiments/javapoet/target/dspot/tmp_test_sources/com/squareup/javapoet/JavaFileTest.java
[ERROR] 2021-04-29 18:24:02 TestCompiler - Error(s) during compilation:
[ERROR] 2021-04-29 18:24:02 TestCompiler - Pb(2) Builder cannot be resolved to a type
[ERROR] 2021-04-29 18:24:02 TestCompiler - Pb(2) Builder cannot be resolved to a type
[ERROR] 2021-04-29 18:24:02 TestCompiler - Pb(2) Builder cannot be resolved to a type
[INFO] 2021-04-29 18:24:02 Launcher - Running in NOCLASSPATH mode (doc: http://spoon.gforge.inria.fr/launcher.html).
[INFO] 2021-04-29 18:24:04 DSpotCompiler - Compiling with -proceedOnError -encoding UTF-8 -cp /Users/caro/Dev/StudyObjects/dspot-experiments/javapoet/target/dspot/tmp_test_sources:/Users/caro/.m2/repository/com/google/truth/truth/0.39/truth-0.39.jar:/Users/caro/.m2/repository/com/google/guava/guava/23.4-android/guava-23.4-android.jar:/Users/caro/.m2/repository/com/google/code/findbugs/jsr305/1.3.9/jsr305-1.3.9.jar:/Users/caro/.m2/repository/com/google/j2objc/j2objc-annotations/1.1/j2objc-annotations-1.1.jar:/Users/caro/.m2/repository/org/codehaus/mojo/animal-sniffer-annotations/1.14/animal-sniffer-annotations-1.14.jar:/Users/caro/.m2/repository/com/google/errorprone/error_prone_annotations/2.1.3/error_prone_annotations-2.1.3.jar:/Users/caro/.m2/repository/com/google/testing/compile/compile-testing/0.15/compile-testing-0.15.jar:/Users/caro/.m2/repository/com/google/truth/extensions/truth-java8-extension/0.37/truth-java8-extension-0.37.jar:/Users/caro/.m2/repository/com/google/auto/value/auto-value/1.5.3/auto-value-1.5.3.jar:/Users/caro/.m2/repository/com/google/auto/auto-common/0.9/auto-common-0.9.jar:/Library/Java/JavaVirtualMachines/adoptopenjdk-8.jdk/Contents/Home/jre/../lib/tools.jar:/Users/caro/.m2/repository/junit/junit/4.12/junit-4.12.jar:/Users/caro/.m2/repository/org/hamcrest/hamcrest-core/1.3/hamcrest-core-1.3.jar:/Users/caro/.m2/repository/com/google/jimfs/jimfs/1.1/jimfs-1.1.jar:/Users/caro/.m2/repository/org/mockito/mockito-core/2.13.0/mockito-core-2.13.0.jar:/Users/caro/.m2/repository/net/bytebuddy/byte-buddy/1.7.9/byte-buddy-1.7.9.jar:/Users/caro/.m2/repository/net/bytebuddy/byte-buddy-agent/1.7.9/byte-buddy-agent-1.7.9.jar:/Users/caro/.m2/repository/org/objenesis/objenesis/2.6/objenesis-2.6.jar:/Users/caro/.m2/repository/org/eclipse/jdt/core/compiler/ecj/4.6.1/ecj-4.6.1.jar:/Users/caro/Dev/StudyObjects/dspot-experiments/javapoet/target/classes/:/Users/caro/Dev/StudyObjects/dspot-experiments/javapoet/target/test-classes/:/Users/caro/Dev/StudyObjects/dspot-experiments/javapoet//target/dspot/dependencies/: -d /Users/caro/Dev/StudyObjects/dspot-experiments/javapoet/target/test-classes -1.8 -preserveAllLocals -noExit -enableJavadoc -proc:none /Users/caro/Dev/StudyObjects/dspot-experiments/javapoet/target/dspot/tmp_test_sources/com/squareup/javapoet/JavaFileTest.java
[INFO] 2021-04-29 18:24:04 EntryPoint - Run: [java, -classpath, /Users/caro/Dev/StudyObjects/dspot-experiments/javapoet/target/classes/:/Users/caro/Dev/StudyObjects/dspot-experiments/javapoet/target/test-classes/:/Users/caro/Dev/StudyObjects/dspot-experiments/javapoet/target/test-classes:/Users/caro/.m2/repository/com/google/truth/truth/0.39/truth-0.39.jar:/Users/caro/.m2/repository/com/google/guava/guava/23.4-android/guava-23.4-android.jar:/Users/caro/.m2/repository/com/google/code/findbugs/jsr305/1.3.9/jsr305-1.3.9.jar:/Users/caro/.m2/repository/com/google/j2objc/j2objc-annotations/1.1/j2objc-annotations-1.1.jar:/Users/caro/.m2/repository/org/codehaus/mojo/animal-sniffer-annotations/1.14/animal-sniffer-annotations-1.14.jar:/Users/caro/.m2/repository/com/google/errorprone/error_prone_annotations/2.1.3/error_prone_annotations-2.1.3.jar:/Users/caro/.m2/repository/com/google/testing/compile/compile-testing/0.15/compile-testing-0.15.jar:/Users/caro/.m2/repository/com/google/truth/extensions/truth-java8-extension/0.37/truth-java8-extension-0.37.jar:/Users/caro/.m2/repository/com/google/auto/value/auto-value/1.5.3/auto-value-1.5.3.jar:/Users/caro/.m2/repository/com/google/auto/auto-common/0.9/auto-common-0.9.jar:/Library/Java/JavaVirtualMachines/adoptopenjdk-8.jdk/Contents/Home/jre/../lib/tools.jar:/Users/caro/.m2/repository/junit/junit/4.12/junit-4.12.jar:/Users/caro/.m2/repository/org/hamcrest/hamcrest-core/1.3/hamcrest-core-1.3.jar:/Users/caro/.m2/repository/com/google/jimfs/jimfs/1.1/jimfs-1.1.jar:/Users/caro/.m2/repository/org/mockito/mockito-core/2.13.0/mockito-core-2.13.0.jar:/Users/caro/.m2/repository/net/bytebuddy/byte-buddy/1.7.9/byte-buddy-1.7.9.jar:/Users/caro/.m2/repository/net/bytebuddy/byte-buddy-agent/1.7.9/byte-buddy-agent-1.7.9.jar:/Users/caro/.m2/repository/org/objenesis/objenesis/2.6/objenesis-2.6.jar:/Users/caro/.m2/repository/org/eclipse/jdt/core/compiler/ecj/4.6.1/ecj-4.6.1.jar:/Users/caro/Dev/StudyObjects/dspot-experiments/javapoet/target/dspot/dependencies/:/Users/caro/Dev/test-cube/build/idea-sandbox/plugins/test-cube/lib/dspot-3.1.1-SNAPSHOT-jar-with-dependencies.jar, eu.stamp_project.testrunner.runner.JUnit4Runner, --class, com.squareup.javapoet.JavaFileTest, --tests, importStaticReadmeExample_literalMutationString112_withlog0:importStaticReadmeExample_mg198_withlog0:importStaticReadmeExample_mg210_withlog0:importStaticReadmeExample_add42_withlog0:importStaticReadmeExample_mg220_withlog0:importStaticReadmeExample_literalMutationString137_withlog0:importStaticReadmeExample_literalMutationString67_withlog0:importStaticReadmeExample_literalMutationString80_withlog0:importStaticReadmeExample_add57_withlog0:importStaticReadmeExample_literalMutationString169_withlog0:importStaticReadmeExample_mg224_withlog0:importStaticReadmeExample_mg228_withlog0:importStaticReadmeExample_mg235_withlog0:importStaticReadmeExamplenull241_withlog0:importStaticReadmeExample_mg205_withlog0:importStaticReadmeExample_literalMutationString86_withlog0:importStaticReadmeExample_literalMutationString117_withlog0:importStaticReadmeExample_literalMutationString151_withlog0:importStaticReadmeExample_withlog0:importStaticReadmeExample_withlog0:importStaticReadmeExample_withlog0:importStaticReadmeExample_withlog0:importStaticReadmeExample_withlog0:importStaticReadmeExample_withlog0:importStaticReadmeExample_withlog0:importStaticReadmeExample_withlog0:importStaticReadmeExample_withlog0:importStaticReadmeExample_withlog0:importStaticReadmeExample_withlog0:importStaticReadmeExample_withlog0:importStaticReadmeExample_withlog0:importStaticReadmeExample_withlog0:importStaticReadmeExample_withlog0:importStaticReadmeExample_withlog0:importStaticReadmeExample_withlog0:importStaticReadmeExample_withlog0:importStaticReadmeExample_withlog0:importStaticReadmeExample_literalMutationString112_withlog1:importStaticReadmeExample_mg198_withlog1:importStaticReadmeExample_mg210_withlog1:importStaticReadmeExample_add42_withlog1:importStaticReadmeExample_mg220_withlog1:importStaticReadmeExample_literalMutationString137_withlog1:importStaticReadmeExample_literalMutationString67_withlog1:importStaticReadmeExample_literalMutationString80_withlog1:importStaticReadmeExample_add57_withlog1:importStaticReadmeExample_literalMutationString169_withlog1:importStaticReadmeExample_mg224_withlog1:importStaticReadmeExample_mg228_withlog1:importStaticReadmeExample_mg235_withlog1:importStaticReadmeExamplenull241_withlog1:importStaticReadmeExample_mg205_withlog1:importStaticReadmeExample_literalMutationString86_withlog1:importStaticReadmeExample_literalMutationString117_withlog1:importStaticReadmeExample_literalMutationString151_withlog1:importStaticReadmeExample_withlog1:importStaticReadmeExample_withlog1:importStaticReadmeExample_withlog1:importStaticReadmeExample_withlog1:importStaticReadmeExample_withlog1:importStaticReadmeExample_withlog1:importStaticReadmeExample_withlog1:importStaticReadmeExample_withlog1:importStaticReadmeExample_withlog1:importStaticReadmeExample_withlog1:importStaticReadmeExample_withlog1:importStaticReadmeExample_withlog1:importStaticReadmeExample_withlog1:importStaticReadmeExample_withlog1:importStaticReadmeExample_withlog1:importStaticReadmeExample_withlog1:importStaticReadmeExample_withlog1:importStaticReadmeExample_withlog1:importStaticReadmeExample_withlog1:importStaticReadmeExample_literalMutationString112_withlog2:importStaticReadmeExample_mg198_withlog2:importStaticReadmeExample_mg210_withlog2:importStaticReadmeExample_add42_withlog2:importStaticReadmeExample_mg220_withlog2:importStaticReadmeExample_literalMutationString137_withlog2:importStaticReadmeExample_literalMutationString67_withlog2:importStaticReadmeExample_literalMutationString80_withlog2:importStaticReadmeExample_add57_withlog2:importStaticReadmeExample_literalMutationString169_withlog2:importStaticReadmeExample_mg224_withlog2:importStaticReadmeExample_mg228_withlog2:importStaticReadmeExample_mg235_withlog2:importStaticReadmeExamplenull241_withlog2:importStaticReadmeExample_mg205_withlog2:importStaticReadmeExample_literalMutationString86_withlog2:importStaticReadmeExample_literalMutationString117_withlog2:importStaticReadmeExample_literalMutationString151_withlog2:importStaticReadmeExample_withlog2:importStaticReadmeExample_withlog2:importStaticReadmeExample_withlog2:importStaticReadmeExample_withlog2:importStaticReadmeExample_withlog2:importStaticReadmeExample_withlog2:importStaticReadmeExample_withlog2:importStaticReadmeExample_withlog2:importStaticReadmeExample_withlog2:importStaticReadmeExample_withlog2:importStaticReadmeExample_withlog2:importStaticReadmeExample_withlog2:importStaticReadmeExample_withlog2:importStaticReadmeExample_withlog2:importStaticReadmeExample_withlog2:importStaticReadmeExample_withlog2:importStaticReadmeExample_withlog2:importStaticReadmeExample_withlog2:importStaticReadmeExample_withlog2]
Parsing --class com.squareup.javapoet.JavaFileTest --tests importStaticReadmeExample_literalMutationString112_withlog0:importStaticReadmeExample_mg198_withlog0:importStaticReadmeExample_mg210_withlog0:importStaticReadmeExample_add42_withlog0:importStaticReadmeExample_mg220_withlog0:importStaticReadmeExample_literalMutationString137_withlog0:importStaticReadmeExample_literalMutationString67_withlog0:importStaticReadmeExample_literalMutationString80_withlog0:importStaticReadmeExample_add57_withlog0:importStaticReadmeExample_literalMutationString169_withlog0:importStaticReadmeExample_mg224_withlog0:importStaticReadmeExample_mg228_withlog0:importStaticReadmeExample_mg235_withlog0:importStaticReadmeExamplenull241_withlog0:importStaticReadmeExample_mg205_withlog0:importStaticReadmeExample_literalMutationString86_withlog0:importStaticReadmeExample_literalMutationString117_withlog0:importStaticReadmeExample_literalMutationString151_withlog0:importStaticReadmeExample_withlog0:importStaticReadmeExample_withlog0:importStaticReadmeExample_withlog0:importStaticReadmeExample_withlog0:importStaticReadmeExample_withlog0:importStaticReadmeExample_withlog0:importStaticReadmeExample_withlog0:importStaticReadmeExample_withlog0:importStaticReadmeExample_withlog0:importStaticReadmeExample_withlog0:importStaticReadmeExample_withlog0:importStaticReadmeExample_withlog0:importStaticReadmeExample_withlog0:importStaticReadmeExample_withlog0:importStaticReadmeExample_withlog0:importStaticReadmeExample_withlog0:importStaticReadmeExample_withlog0:importStaticReadmeExample_withlog0:importStaticReadmeExample_withlog0:importStaticReadmeExample_literalMutationString112_withlog1:importStaticReadmeExample_mg198_withlog1:importStaticReadmeExample_mg210_withlog1:importStaticReadmeExample_add42_withlog1:importStaticReadmeExample_mg220_withlog1:importStaticReadmeExample_literalMutationString137_withlog1:importStaticReadmeExample_literalMutationString67_withlog1:importStaticReadmeExample_literalMutationString80_withlog1:importStaticReadmeExample_add57_withlog1:importStaticReadmeExample_literalMutationString169_withlog1:importStaticReadmeExample_mg224_withlog1:importStaticReadmeExample_mg228_withlog1:importStaticReadmeExample_mg235_withlog1:importStaticReadmeExamplenull241_withlog1:importStaticReadmeExample_mg205_withlog1:importStaticReadmeExample_literalMutationString86_withlog1:importStaticReadmeExample_literalMutationString117_withlog1:importStaticReadmeExample_literalMutationString151_withlog1:importStaticReadmeExample_withlog1:importStaticReadmeExample_withlog1:importStaticReadmeExample_withlog1:importStaticReadmeExample_withlog1:importStaticReadmeExample_withlog1:importStaticReadmeExample_withlog1:importStaticReadmeExample_withlog1:importStaticReadmeExample_withlog1:importStaticReadmeExample_withlog1:importStaticReadmeExample_withlog1:importStaticReadmeExample_withlog1:importStaticReadmeExample_withlog1:importStaticReadmeExample_withlog1:importStaticReadmeExample_withlog1:importStaticReadmeExample_withlog1:importStaticReadmeExample_withlog1:importStaticReadmeExample_withlog1:importStaticReadmeExample_withlog1:importStaticReadmeExample_withlog1:importStaticReadmeExample_literalMutationString112_withlog2:importStaticReadmeExample_mg198_withlog2:importStaticReadmeExample_mg210_withlog2:importStaticReadmeExample_add42_withlog2:importStaticReadmeExample_mg220_withlog2:importStaticReadmeExample_literalMutationString137_withlog2:importStaticReadmeExample_literalMutationString67_withlog2:importStaticReadmeExample_literalMutationString80_withlog2:importStaticReadmeExample_add57_withlog2:importStaticReadmeExample_literalMutationString169_withlog2:importStaticReadmeExample_mg224_withlog2:importStaticReadmeExample_mg228_withlog2:importStaticReadmeExample_mg235_withlog2:importStaticReadmeExamplenull241_withlog2:importStaticReadmeExample_mg205_withlog2:importStaticReadmeExample_literalMutationString86_withlog2:importStaticReadmeExample_literalMutationString117_withlog2:importStaticReadmeExample_literalMutationString151_withlog2:importStaticReadmeExample_withlog2:importStaticReadmeExample_withlog2:importStaticReadmeExample_withlog2:importStaticReadmeExample_withlog2:importStaticReadmeExample_withlog2:importStaticReadmeExample_withlog2:importStaticReadmeExample_withlog2:importStaticReadmeExample_withlog2:importStaticReadmeExample_withlog2:importStaticReadmeExample_withlog2:importStaticReadmeExample_withlog2:importStaticReadmeExample_withlog2:importStaticReadmeExample_withlog2:importStaticReadmeExample_withlog2:importStaticReadmeExample_withlog2:importStaticReadmeExample_withlog2:importStaticReadmeExample_withlog2:importStaticReadmeExample_withlog2:importStaticReadmeExample_withlog2
File saved to the following path: /Users/caro/Dev/StudyObjects/dspot-experiments/javapoet/test-cube/workdir/target/dspot/observations.ser
File saved to the following path: /Users/caro/Dev/StudyObjects/dspot-experiments/javapoet/test-cube/workdir/target/TestResult.ser
Loading /Users/caro/Dev/StudyObjects/dspot-experiments/javapoet/test-cube/workdir/target/TestResult.ser
[INFO] 2021-04-29 18:24:10 EntryPoint - Test has been run: importStaticReadmeExample_literalMutationString169_withlog0,importStaticReadmeExample_literalMutationString169_withlog1,importStaticReadmeExample_literalMutationString169_withlog2,importStaticReadmeExample_mg224_withlog0,importStaticReadmeExample_mg224_withlog1,importStaticReadmeExample_mg224_withlog2,importStaticReadmeExample_literalMutationString117_withlog0,importStaticReadmeExample_literalMutationString117_withlog1,importStaticReadmeExample_literalMutationString117_withlog2,importStaticReadmeExample_mg220_withlog0,importStaticReadmeExample_mg220_withlog1,importStaticReadmeExample_mg220_withlog2,importStaticReadmeExample_literalMutationString67_withlog0,importStaticReadmeExample_literalMutationString67_withlog1,importStaticReadmeExample_literalMutationString67_withlog2,importStaticReadmeExample_literalMutationString137_withlog0,importStaticReadmeExample_literalMutationString137_withlog1,importStaticReadmeExample_literalMutationString137_withlog2,importStaticReadmeExample_literalMutationString112_withlog0,importStaticReadmeExample_literalMutationString112_withlog1,importStaticReadmeExample_literalMutationString112_withlog2,importStaticReadmeExample_add42_withlog0,importStaticReadmeExample_add42_withlog1,importStaticReadmeExample_add42_withlog2,importStaticReadmeExample_literalMutationString86_withlog0,importStaticReadmeExample_literalMutationString86_withlog1,importStaticReadmeExample_literalMutationString86_withlog2,importStaticReadmeExample_withlog0,importStaticReadmeExample_withlog1,importStaticReadmeExample_withlog2,importStaticReadmeExample_mg235_withlog0,importStaticReadmeExample_mg235_withlog1,importStaticReadmeExample_mg235_withlog2,importStaticReadmeExample_mg210_withlog0,importStaticReadmeExample_mg210_withlog1,importStaticReadmeExample_mg210_withlog2,importStaticReadmeExample_literalMutationString80_withlog0,importStaticReadmeExample_literalMutationString80_withlog1,importStaticReadmeExample_literalMutationString80_withlog2,importStaticReadmeExample_add57_withlog0,importStaticReadmeExample_add57_withlog1,importStaticReadmeExample_add57_withlog2,importStaticReadmeExample_literalMutationString151_withlog0,importStaticReadmeExample_literalMutationString151_withlog1,importStaticReadmeExample_literalMutationString151_withlog2,importStaticReadmeExamplenull241_withlog0,importStaticReadmeExamplenull241_withlog1,importStaticReadmeExamplenull241_withlog2,importStaticReadmeExample_mg205_withlog0,importStaticReadmeExample_mg205_withlog1,importStaticReadmeExample_mg205_withlog2,importStaticReadmeExample_mg228_withlog0,importStaticReadmeExample_mg228_withlog1,importStaticReadmeExample_mg228_withlog2,importStaticReadmeExample_mg198_withlog0,importStaticReadmeExample_mg198_withlog1,importStaticReadmeExample_mg198_withlog2
[INFO] 2021-04-29 18:24:10 MethodReconstructor - Generating assertions...
[WARN] 2021-04-29 18:24:12 ErrorReport - Something bad happened during assertion amplification
spoon.SpoonException: Not allowed javaletter or keyword in identifier found. See JLS for correct identifier. Identifier: (o_importStaticReadmeExample_mg235__31)
	at spoon.support.reflect.reference.CtReferenceImpl.checkIdentiferForJLSCorrectness(CtReferenceImpl.java:108)
	at spoon.support.reflect.reference.CtReferenceImpl.setSimpleName(CtReferenceImpl.java:52)
	at eu.stamp_project.dspot.assertiongenerator.assertiongenerator.methodreconstructor.assertionsyntaxbuilder.Translator.buildTargetFromString(Translator.java:148)
	at eu.stamp_project.dspot.assertiongenerator.assertiongenerator.methodreconstructor.assertionsyntaxbuilder.Translator.buildInvocationFromString(Translator.java:111)
	at eu.stamp_project.dspot.assertiongenerator.assertiongenerator.methodreconstructor.assertionsyntaxbuilder.Translator.buildInvocationFromString(Translator.java:61)
	at eu.stamp_project.dspot.assertiongenerator.assertiongenerator.methodreconstructor.assertionsyntaxbuilder.Translator.translate(Translator.java:56)
	at eu.stamp_project.dspot.assertiongenerator.assertiongenerator.methodreconstructor.AssertionSyntaxBuilder.translate(AssertionSyntaxBuilder.java:89)
	at eu.stamp_project.dspot.assertiongenerator.assertiongenerator.methodreconstructor.AssertionSyntaxBuilder.buildAssert(AssertionSyntaxBuilder.java:52)
	at eu.stamp_project.dspot.assertiongenerator.assertiongenerator.MethodReconstructor.buildTestsWithSeparateAsserts(MethodReconstructor.java:181)
	at eu.stamp_project.dspot.assertiongenerator.assertiongenerator.MethodReconstructor.lambda$buildEachTest$0(MethodReconstructor.java:97)
	at java.util.stream.ReferencePipeline$3$1.accept(ReferencePipeline.java:193)
	at java.util.ArrayList$ArrayListSpliterator.forEachRemaining(ArrayList.java:1382)
	at java.util.stream.AbstractPipeline.copyInto(AbstractPipeline.java:482)
	at java.util.stream.AbstractPipeline.wrapAndCopyInto(AbstractPipeline.java:472)
	at java.util.stream.ReduceOps$ReduceOp.evaluateSequential(ReduceOps.java:708)
	at java.util.stream.AbstractPipeline.evaluate(AbstractPipeline.java:234)
	at java.util.stream.ReferencePipeline.collect(ReferencePipeline.java:566)
	at eu.stamp_project.dspot.assertiongenerator.assertiongenerator.MethodReconstructor.buildEachTest(MethodReconstructor.java:99)
	at eu.stamp_project.dspot.assertiongenerator.assertiongenerator.MethodReconstructor.addAssertions(MethodReconstructor.java:89)
	at eu.stamp_project.dspot.assertiongenerator.AssertionGenerator.addAssertionsOnPassingTests(AssertionGenerator.java:202)
	at eu.stamp_project.dspot.assertiongenerator.AssertionGenerator.assertPassingAndFailingTests(AssertionGenerator.java:187)
	at eu.stamp_project.dspot.assertiongenerator.AssertionGenerator.assertionAmplification(AssertionGenerator.java:92)
	at eu.stamp_project.dspot.DevFriendlyAmplification.inputAmplification(DevFriendlyAmplification.java:111)
	at eu.stamp_project.dspot.DevFriendlyAmplification.devFriendlyAmplification(DevFriendlyAmplification.java:51)
	at eu.stamp_project.dspot.DSpot.run(DSpot.java:57)
	at eu.stamp_project.Main.main(Main.java:20)

[INFO] 2021-04-29 18:24:12 DSpot - elapsedTime 42604
[INFO] 2021-04-29 18:24:12 Launcher - Running in NOCLASSPATH mode (doc: http://spoon.gforge.inria.fr/launcher.html).
[WARN] 2021-04-29 18:24:12 Launcher - You specified the directory /Users/caro/Dev/StudyObjects/dspot-experiments/javapoet/target/classes in source classpath, please note that only class files will be considered. Jars and subdirectories will be ignored.
[WARN] 2021-04-29 18:24:12 Launcher - You specified the directory /Users/caro/Dev/StudyObjects/dspot-experiments/javapoet/target/test-classes in source classpath, please note that only class files will be considered. Jars and subdirectories will be ignored.
[WARN] 2021-04-29 18:24:12 Launcher - You specified the directory /Users/caro/Dev/StudyObjects/dspot-experiments/javapoet/target/dspot/dependencies in source classpath, please note that only class files will be considered. Jars and subdirectories will be ignored.
[INFO] 2021-04-29 18:24:13 DSpot - Amplification succeed.
[INFO] 2021-04-29 18:24:13 DSpot - Elapsed time 65561 ms
[INFO] 2021-04-29 18:24:13 TestSelectorReport - 
Amplification results with 7 new tests.
[INFO] 2021-04-29 18:24:13 TestSelectorReport - Writing report in /Users/caro/Dev/StudyObjects/dspot-experiments/javapoet/target/dspot/output/report.txt
[WARN] 2021-04-29 18:24:13 ErrorReport - DSpot encountered some errors during amplification.
[WARN] 2021-04-29 18:24:13 ErrorReport - DSpot encountered 1 error(s) during amplification.
Something bad happened during assertion amplification
spoon.SpoonException: Not allowed javaletter or keyword in identifier found. See JLS for correct identifier. Identifier: (o_importStaticReadmeExample_mg235__31)
	at spoon.support.reflect.reference.CtReferenceImpl.checkIdentiferForJLSCorrectness(CtReferenceImpl.java:108)
	at spoon.support.reflect.reference.CtReferenceImpl.setSimpleName(CtReferenceImpl.java:52)
	at eu.stamp_project.dspot.assertiongenerator.assertiongenerator.methodreconstructor.assertionsyntaxbuilder.Translator.buildTargetFromString(Translator.java:148)
	at eu.stamp_project.dspot.assertiongenerator.assertiongenerator.methodreconstructor.assertionsyntaxbuilder.Translator.buildInvocationFromString(Translator.java:111)
	at eu.stamp_project.dspot.assertiongenerator.assertiongenerator.methodreconstructor.assertionsyntaxbuilder.Translator.buildInvocationFromString(Translator.java:61)
	at eu.stamp_project.dspot.assertiongenerator.assertiongenerator.methodreconstructor.assertionsyntaxbuilder.Translator.translate(Translator.java:56)
	at eu.stamp_project.dspot.assertiongenerator.assertiongenerator.methodreconstructor.AssertionSyntaxBuilder.translate(AssertionSyntaxBuilder.java:89)
	at eu.stamp_project.dspot.assertiongenerator.assertiongenerator.methodreconstructor.AssertionSyntaxBuilder.buildAssert(AssertionSyntaxBuilder.java:52)
	at eu.stamp_project.dspot.assertiongenerator.assertiongenerator.MethodReconstructor.buildTestsWithSeparateAsserts(MethodReconstructor.java:181)
	at eu.stamp_project.dspot.assertiongenerator.assertiongenerator.MethodReconstructor.lambda$buildEachTest$0(MethodReconstructor.java:97)
	at java.util.stream.ReferencePipeline$3$1.accept(ReferencePipeline.java:193)
	at java.util.ArrayList$ArrayListSpliterator.forEachRemaining(ArrayList.java:1382)
	at java.util.stream.AbstractPipeline.copyInto(AbstractPipeline.java:482)
	at java.util.stream.AbstractPipeline.wrapAndCopyInto(AbstractPipeline.java:472)
	at java.util.stream.ReduceOps$ReduceOp.evaluateSequential(ReduceOps.java:708)
	at java.util.stream.AbstractPipeline.evaluate(AbstractPipeline.java:234)
	at java.util.stream.ReferencePipeline.collect(ReferencePipeline.java:566)
	at eu.stamp_project.dspot.assertiongenerator.assertiongenerator.MethodReconstructor.buildEachTest(MethodReconstructor.java:99)
	at eu.stamp_project.dspot.assertiongenerator.assertiongenerator.MethodReconstructor.addAssertions(MethodReconstructor.java:89)
	at eu.stamp_project.dspot.assertiongenerator.AssertionGenerator.addAssertionsOnPassingTests(AssertionGenerator.java:202)
	at eu.stamp_project.dspot.assertiongenerator.AssertionGenerator.assertPassingAndFailingTests(AssertionGenerator.java:187)
	at eu.stamp_project.dspot.assertiongenerator.AssertionGenerator.assertionAmplification(AssertionGenerator.java:92)
	at eu.stamp_project.dspot.DevFriendlyAmplification.inputAmplification(DevFriendlyAmplification.java:111)
	at eu.stamp_project.dspot.DevFriendlyAmplification.devFriendlyAmplification(DevFriendlyAmplification.java:51)
	at eu.stamp_project.dspot.DSpot.run(DSpot.java:57)
	at eu.stamp_project.Main.main(Main.java:20)

[INFO] 2021-04-29 18:24:13 OutputReport - The amplification ends up with 7 amplified test methods over 2 test classes.
[INFO] 2021-04-29 18:24:13 OutputReport - Print com.squareup.javapoet.JavaFileTest.java with 7 amplified test cases in /Users/caro/Dev/StudyObjects/dspot-experiments/javapoet/target/dspot/output
[INFO] 2021-04-29 18:24:13 OutputReport - Print com.squareup.javapoet.JavaFileTest.java with 5 original test cases in /Users/caro/Dev/StudyObjects/dspot-experiments/javapoet/target/dspot/output/original/
